SF:js/appregist.js
DA:7,1
DA:8,2
DA:9,16
DA:15,16
DA:17,2
DA:18,8
DA:19,8
DA:20,8
DA:21,8
DA:22,8
DA:23,8
DA:24,8
DA:25,8
DA:26,6
DA:27,6
DA:29,8
DA:30,2
DA:31,2
DA:33,8
DA:34,4
DA:35,4
DA:37,8
DA:38,2
DA:39,2
DA:41,6
DA:42,2
DA:43,2
DA:45,6
DA:46,4
DA:47,4
DA:50,8
DA:51,6
DA:52,6
DA:54,8
DA:55,6
DA:56,6
DA:58,8
DA:59,2
DA:61,6
DA:64,2
DA:65,2
DA:67,2
DA:68,2
DA:70,2
DA:71,2
DA:74,2
DA:75,2
DA:76,2
DA:79,2
DA:83,1
DA:84,0
DA:87,1
end_of_record
SF:js/frontpage.js
DA:9,1
DA:12,1
DA:13,2
DA:14,2
DA:15,0
DA:17,2
DA:21,1
DA:22,0
DA:26,1
end_of_record
SF:js/openid.js
DA:2,1
DA:3,5
DA:4,2
DA:5,4
DA:6,4
DA:7,4
DA:8,4
DA:9,4
DA:10,2
DA:11,2
DA:13,4
DA:14,2
DA:15,2
DA:17,4
DA:18,2
DA:19,2
DA:21,4
DA:22,2
DA:24,2
DA:27,2
DA:28,2
DA:29,2
DA:31,2
DA:32,2
DA:38,5
DA:39,1
DA:40,2
DA:41,2
DA:42,2
DA:43,1
DA:44,1
DA:46,2
DA:47,1
DA:49,1
DA:52,1
DA:55,5
DA:56,1
DA:57,1
DA:58,3
DA:59,1
DA:60,1
DA:62,3
DA:64,1
DA:65,3
DA:67,3
DA:68,3
DA:69,3
DA:70,3
DA:71,1
DA:72,1
DA:73,1
DA:75,3
DA:76,1
DA:78,2
DA:81,1
DA:82,1
DA:84,1
DA:85,1
DA:87,1
DA:93,5
DA:94,1
DA:95,1
DA:96,4
DA:97,1
DA:98,1
DA:100,4
DA:101,1
DA:102,1
DA:104,4
DA:106,1
DA:107,4
DA:108,3
DA:109,3
DA:111,4
DA:114,1
DA:115,4
DA:117,4
DA:118,4
DA:119,4
DA:120,4
DA:121,4
DA:122,4
DA:123,4
DA:124,1
DA:125,1
DA:126,1
DA:128,4
DA:129,3
DA:130,3
DA:132,4
DA:133,1
DA:135,3
DA:144,1
DA:147,1
end_of_record
