SF:js/appregist.js
DA:7,1
DA:8,2
DA:9,10
DA:15,10
DA:17,2
DA:18,4
DA:19,4
DA:20,4
DA:21,4
DA:22,4
DA:23,4
DA:24,4
DA:25,4
DA:26,4
DA:27,2
DA:28,2
DA:30,4
DA:31,2
DA:32,2
DA:34,4
DA:35,2
DA:36,2
DA:38,4
DA:39,2
DA:40,2
DA:42,2
DA:43,0
DA:44,0
DA:46,2
DA:47,0
DA:48,0
DA:51,4
DA:52,2
DA:53,0
DA:54,0
DA:56,2
DA:57,0
DA:58,0
DA:61,4
DA:62,2
DA:63,2
DA:65,4
DA:66,4
DA:67,2
DA:68,2
DA:71,4
DA:72,0
DA:73,0
DA:75,4
DA:76,0
DA:77,0
DA:78,0
DA:80,4
DA:81,2
DA:82,2
DA:84,4
DA:85,2
DA:86,2
DA:89,4
DA:90,2
DA:92,2
DA:95,2
DA:96,0
DA:98,2
DA:99,0
DA:101,2
DA:105,1
DA:106,0
DA:109,1
end_of_record
