<?xml version="1.0" encoding="UTF-8"?>
<coverage generated="1566034683">
  <project timestamp="1566034683">
    <file name="/var/www/html/uklogin/controllers/adatkezeles.php">
      <class name="AdatkezelesController" namespace="global">
        <metrics complexity="2" methods="1" coveredmethods="0" conditionals="0" coveredconditionals="0" statements="9" coveredstatements="8" elements="10" coveredelements="8"/>
      </class>
      <line num="3" type="method" name="show" visibility="public" complexity="2" crap="2.01" count="1"/>
      <line num="4" type="stmt" count="1"/>
      <line num="5" type="stmt" count="1"/>
      <line num="6" type="stmt" count="1"/>
      <line num="7" type="stmt" count="1"/>
      <line num="8" type="stmt" count="1"/>
      <line num="9" type="stmt" count="1"/>
      <line num="10" type="stmt" count="0"/>
      <line num="12" type="stmt" count="1"/>
      <line num="13" type="stmt" count="1"/>
      <metrics loc="14" ncloc="14" classes="1" methods="1" coveredmethods="0" conditionals="0" coveredconditionals="0" statements="9" coveredstatements="8" elements="10" coveredelements="8"/>
    </file>
    <file name="/var/www/html/uklogin/controllers/adomany.php">
      <class name="AdomanyController" namespace="global">
        <metrics complexity="2" methods="1" coveredmethods="0" conditionals="0" coveredconditionals="0" statements="9" coveredstatements="8" elements="10" coveredelements="8"/>
      </class>
      <line num="3" type="method" name="show" visibility="public" complexity="2" crap="2.01" count="1"/>
      <line num="4" type="stmt" count="1"/>
      <line num="5" type="stmt" count="1"/>
      <line num="6" type="stmt" count="1"/>
      <line num="7" type="stmt" count="1"/>
      <line num="8" type="stmt" count="1"/>
      <line num="9" type="stmt" count="1"/>
      <line num="10" type="stmt" count="0"/>
      <line num="12" type="stmt" count="1"/>
      <line num="13" type="stmt" count="1"/>
      <metrics loc="14" ncloc="14" classes="1" methods="1" coveredmethods="0" conditionals="0" coveredconditionals="0" statements="9" coveredstatements="8" elements="10" coveredelements="8"/>
    </file>
    <file name="/var/www/html/uklogin/controllers/appregist.php">
      <class name="AppregistController" namespace="global">
        <metrics complexity="23" methods="8" coveredmethods="4" conditionals="0" coveredconditionals="0" statements="136" coveredstatements="126" elements="144" coveredelements="130"/>
      </class>
      <line num="3" type="method" name="add" visibility="public" complexity="1" crap="1" count="1"/>
      <line num="4" type="stmt" count="1"/>
      <line num="5" type="stmt" count="1"/>
      <line num="6" type="stmt" count="1"/>
      <line num="7" type="stmt" count="1"/>
      <line num="8" type="stmt" count="1"/>
      <line num="9" type="stmt" count="1"/>
      <line num="11" type="stmt" count="1"/>
      <line num="12" type="stmt" count="1"/>
      <line num="13" type="stmt" count="1"/>
      <line num="14" type="stmt" count="1"/>
      <line num="15" type="stmt" count="1"/>
      <line num="16" type="stmt" count="1"/>
      <line num="17" type="stmt" count="1"/>
      <line num="18" type="stmt" count="1"/>
      <line num="19" type="stmt" count="1"/>
      <line num="20" type="stmt" count="1"/>
      <line num="21" type="stmt" count="1"/>
      <line num="22" type="stmt" count="1"/>
      <line num="23" type="stmt" count="1"/>
      <line num="24" type="stmt" count="1"/>
      <line num="25" type="stmt" count="1"/>
      <line num="26" type="stmt" count="1"/>
      <line num="27" type="stmt" count="1"/>
      <line num="28" type="stmt" count="1"/>
      <line num="34" type="method" name="save" visibility="public" complexity="3" crap="3" count="2"/>
      <line num="36" type="stmt" count="2"/>
      <line num="39" type="stmt" count="2"/>
      <line num="40" type="stmt" count="2"/>
      <line num="42" type="stmt" count="2"/>
      <line num="43" type="stmt" count="2"/>
      <line num="44" type="stmt" count="2"/>
      <line num="45" type="stmt" count="2"/>
      <line num="46" type="stmt" count="2"/>
      <line num="47" type="stmt" count="2"/>
      <line num="48" type="stmt" count="2"/>
      <line num="49" type="stmt" count="2"/>
      <line num="50" type="stmt" count="2"/>
      <line num="51" type="stmt" count="2"/>
      <line num="52" type="stmt" count="2"/>
      <line num="53" type="stmt" count="2"/>
      <line num="54" type="stmt" count="2"/>
      <line num="55" type="stmt" count="2"/>
      <line num="56" type="stmt" count="2"/>
      <line num="58" type="stmt" count="2"/>
      <line num="59" type="stmt" count="2"/>
      <line num="60" type="stmt" count="1"/>
      <line num="61" type="stmt" count="1"/>
      <line num="62" type="stmt" count="1"/>
      <line num="64" type="stmt" count="1"/>
      <line num="67" type="stmt" count="1"/>
      <line num="68" type="stmt" count="1"/>
      <line num="70" type="stmt" count="2"/>
      <line num="76" type="method" name="adminlogin" visibility="public" complexity="1" crap="1" count="4"/>
      <line num="77" type="stmt" count="4"/>
      <line num="78" type="stmt" count="4"/>
      <line num="79" type="stmt" count="4"/>
      <line num="80" type="stmt" count="4"/>
      <line num="81" type="stmt" count="4"/>
      <line num="82" type="stmt" count="4"/>
      <line num="84" type="method" name="echoAdminForm" visibility="protected" complexity="1" crap="1" count="1"/>
      <line num="85" type="stmt" count="1"/>
      <line num="86" type="stmt" count="1"/>
      <line num="87" type="stmt" count="1"/>
      <line num="88" type="stmt" count="1"/>
      <line num="89" type="stmt" count="1"/>
      <line num="90" type="stmt" count="1"/>
      <line num="91" type="stmt" count="1"/>
      <line num="92" type="stmt" count="1"/>
      <line num="93" type="stmt" count="1"/>
      <line num="94" type="stmt" count="1"/>
      <line num="95" type="stmt" count="1"/>
      <line num="96" type="stmt" count="1"/>
      <line num="97" type="stmt" count="1"/>
      <line num="98" type="stmt" count="1"/>
      <line num="99" type="stmt" count="1"/>
      <line num="100" type="stmt" count="1"/>
      <line num="101" type="stmt" count="1"/>
      <line num="102" type="stmt" count="1"/>
      <line num="103" type="stmt" count="1"/>
      <line num="112" type="method" name="adminLoginError" visibility="protected" complexity="5" crap="5.31" count="3"/>
      <line num="114" type="stmt" count="3"/>
      <line num="115" type="stmt" count="2"/>
      <line num="117" type="stmt" count="1"/>
      <line num="119" type="stmt" count="3"/>
      <line num="120" type="stmt" count="3"/>
      <line num="121" type="stmt" count="3"/>
      <line num="122" type="stmt" count="3"/>
      <line num="123" type="stmt" count="0"/>
      <line num="124" type="stmt" count="0"/>
      <line num="126" type="stmt" count="3"/>
      <line num="127" type="stmt" count="0"/>
      <line num="129" type="stmt" count="3"/>
      <line num="131" type="stmt" count="3"/>
      <line num="139" type="method" name="doadminlogin" visibility="public" complexity="7" crap="7.02" count="4"/>
      <line num="141" type="stmt" count="4"/>
      <line num="143" type="stmt" count="4"/>
      <line num="144" type="stmt" count="4"/>
      <line num="145" type="stmt" count="0"/>
      <line num="146" type="stmt" count="0"/>
      <line num="150" type="stmt" count="4"/>
      <line num="151" type="stmt" count="4"/>
      <line num="152" type="stmt" count="4"/>
      <line num="153" type="stmt" count="4"/>
      <line num="154" type="stmt" count="4"/>
      <line num="155" type="stmt" count="4"/>
      <line num="156" type="stmt" count="3"/>
      <line num="157" type="stmt" count="3"/>
      <line num="158" type="stmt" count="3"/>
      <line num="161" type="stmt" count="1"/>
      <line num="164" type="stmt" count="1"/>
      <line num="167" type="stmt" count="1"/>
      <line num="168" type="stmt" count="1"/>
      <line num="169" type="stmt" count="1"/>
      <line num="171" type="stmt" count="3"/>
      <line num="174" type="stmt" count="1"/>
      <line num="176" type="stmt" count="4"/>
      <line num="178" type="stmt" count="3"/>
      <line num="179" type="stmt" count="3"/>
      <line num="180" type="stmt" count="3"/>
      <line num="181" type="stmt" count="3"/>
      <line num="183" type="stmt" count="4"/>
      <line num="185" type="method" name="logout" visibility="public" complexity="1" crap="2" count="0"/>
      <line num="186" type="stmt" count="0"/>
      <line num="188" type="stmt" count="0"/>
      <line num="192" type="stmt" count="0"/>
      <line num="194" type="method" name="appremove" visibility="public" complexity="4" crap="4.03" count="2"/>
      <line num="196" type="stmt" count="2"/>
      <line num="198" type="stmt" count="2"/>
      <line num="199" type="stmt" count="2"/>
      <line num="200" type="stmt" count="0"/>
      <line num="201" type="stmt" count="0"/>
      <line num="206" type="stmt" count="2"/>
      <line num="208" type="stmt" count="2"/>
      <line num="209" type="stmt" count="2"/>
      <line num="210" type="stmt" count="2"/>
      <line num="211" type="stmt" count="2"/>
      <line num="212" type="stmt" count="2"/>
      <line num="213" type="stmt" count="1"/>
      <line num="214" type="stmt" count="1"/>
      <line num="215" type="stmt" count="1"/>
      <line num="218" type="stmt" count="1"/>
      <line num="223" type="stmt" count="1"/>
      <line num="226" type="stmt" count="2"/>
      <metrics loc="228" ncloc="170" classes="1" methods="8" coveredmethods="4" conditionals="0" coveredconditionals="0" statements="136" coveredstatements="126" elements="144" coveredelements="130"/>
    </file>
    <file name="/var/www/html/uklogin/controllers/browser.php">
      <class name="BrowserController" namespace="global">
        <metrics complexity="2" methods="1" coveredmethods="0" conditionals="0" coveredconditionals="0" statements="9" coveredstatements="0" elements="10" coveredelements="0"/>
      </class>
      <line num="8" type="method" name="browser" visibility="public" complexity="2" crap="6" count="0"/>
      <line num="10" type="stmt" count="0"/>
      <line num="13" type="stmt" count="0"/>
      <line num="14" type="stmt" count="0"/>
      <line num="17" type="stmt" count="0"/>
      <line num="20" type="stmt" count="0"/>
      <line num="21" type="stmt" count="0"/>
      <line num="25" type="stmt" count="0"/>
      <line num="26" type="stmt" count="0"/>
      <line num="27" type="stmt" count="0"/>
      <metrics loc="28" ncloc="13" classes="1" methods="1" coveredmethods="0" conditionals="0" coveredconditionals="0" statements="9" coveredstatements="0" elements="10" coveredelements="0"/>
    </file>
    <file name="/var/www/html/uklogin/controllers/default.php">
      <class name="DefaultController" namespace="global">
        <metrics complexity="2" methods="1" coveredmethods="0" conditionals="0" coveredconditionals="0" statements="12" coveredstatements="11" elements="13" coveredelements="11"/>
      </class>
      <line num="3" type="method" name="default" visibility="public" complexity="2" crap="2.00" count="1"/>
      <line num="5" type="stmt" count="1"/>
      <line num="6" type="stmt" count="1"/>
      <line num="7" type="stmt" count="1"/>
      <line num="8" type="stmt" count="1"/>
      <line num="9" type="stmt" count="1"/>
      <line num="10" type="stmt" count="1"/>
      <line num="11" type="stmt" count="1"/>
      <line num="12" type="stmt" count="1"/>
      <line num="13" type="stmt" count="1"/>
      <line num="14" type="stmt" count="0"/>
      <line num="16" type="stmt" count="1"/>
      <line num="17" type="stmt" count="1"/>
      <metrics loc="18" ncloc="14" classes="1" methods="1" coveredmethods="0" conditionals="0" coveredconditionals="0" statements="12" coveredstatements="11" elements="13" coveredelements="11"/>
    </file>
    <file name="/var/www/html/uklogin/controllers/example.php">
      <class name="ExampleController" namespace="global">
        <metrics complexity="2" methods="1" coveredmethods="0" conditionals="0" coveredconditionals="0" statements="9" coveredstatements="0" elements="10" coveredelements="0"/>
      </class>
      <line num="8" type="method" name="example" visibility="public" complexity="2" crap="6" count="0"/>
      <line num="10" type="stmt" count="0"/>
      <line num="13" type="stmt" count="0"/>
      <line num="14" type="stmt" count="0"/>
      <line num="17" type="stmt" count="0"/>
      <line num="20" type="stmt" count="0"/>
      <line num="21" type="stmt" count="0"/>
      <line num="25" type="stmt" count="0"/>
      <line num="26" type="stmt" count="0"/>
      <line num="27" type="stmt" count="0"/>
      <metrics loc="28" ncloc="13" classes="1" methods="1" coveredmethods="0" conditionals="0" coveredconditionals="0" statements="9" coveredstatements="0" elements="10" coveredelements="0"/>
    </file>
    <file name="/var/www/html/uklogin/controllers/impresszum.php">
      <class name="ImpresszumController" namespace="global">
        <metrics complexity="2" methods="1" coveredmethods="0" conditionals="0" coveredconditionals="0" statements="9" coveredstatements="8" elements="10" coveredelements="8"/>
      </class>
      <line num="3" type="method" name="show" visibility="public" complexity="2" crap="2.01" count="1"/>
      <line num="4" type="stmt" count="1"/>
      <line num="5" type="stmt" count="1"/>
      <line num="6" type="stmt" count="1"/>
      <line num="7" type="stmt" count="1"/>
      <line num="8" type="stmt" count="1"/>
      <line num="9" type="stmt" count="1"/>
      <line num="10" type="stmt" count="0"/>
      <line num="12" type="stmt" count="1"/>
      <line num="13" type="stmt" count="1"/>
      <metrics loc="14" ncloc="14" classes="1" methods="1" coveredmethods="0" conditionals="0" coveredconditionals="0" statements="9" coveredstatements="8" elements="10" coveredelements="8"/>
    </file>
    <file name="/var/www/html/uklogin/controllers/oauth2.php">
      <class name="Oauth2Controller" namespace="global">
        <metrics complexity="132" methods="27" coveredmethods="7" conditionals="0" coveredconditionals="0" statements="493" coveredstatements="429" elements="520" coveredelements="436"/>
      </class>
      <line num="14" type="method" name="registform" visibility="public" complexity="2" crap="2" count="2"/>
      <line num="15" type="stmt" count="2"/>
      <line num="16" type="stmt" count="2"/>
      <line num="17" type="stmt" count="2"/>
      <line num="18" type="stmt" count="2"/>
      <line num="19" type="stmt" count="2"/>
      <line num="20" type="stmt" count="2"/>
      <line num="21" type="stmt" count="1"/>
      <line num="23" type="stmt" count="1"/>
      <line num="25" type="stmt" count="1"/>
      <line num="27" type="stmt" count="1"/>
      <line num="28" type="stmt" count="1"/>
      <line num="29" type="stmt" count="1"/>
      <line num="30" type="stmt" count="1"/>
      <line num="31" type="stmt" count="1"/>
      <line num="32" type="stmt" count="1"/>
      <line num="34" type="stmt" count="1"/>
      <line num="36" type="stmt" count="2"/>
      <line num="45" type="method" name="forgetpsw" visibility="public" complexity="3" crap="3" count="3"/>
      <line num="46" type="stmt" count="3"/>
      <line num="47" type="stmt" count="3"/>
      <line num="48" type="stmt" count="3"/>
      <line num="49" type="stmt" count="3"/>
      <line num="50" type="stmt" count="3"/>
      <line num="51" type="stmt" count="1"/>
      <line num="52" type="stmt" count="1"/>
      <line num="54" type="stmt" count="2"/>
      <line num="55" type="stmt" count="2"/>
      <line num="56" type="stmt" count="1"/>
      <line num="58" type="stmt" count="1"/>
      <line num="60" type="stmt" count="1"/>
      <line num="61" type="stmt" count="1"/>
      <line num="64" type="stmt" count="1"/>
      <line num="65" type="stmt" count="1"/>
      <line num="66" type="stmt" count="1"/>
      <line num="67" type="stmt" count="1"/>
      <line num="68" type="stmt" count="1"/>
      <line num="69" type="stmt" count="1"/>
      <line num="71" type="stmt" count="1"/>
      <line num="73" type="stmt" count="2"/>
      <line num="85" type="method" name="getAppUser" visibility="protected" complexity="3" crap="3" count="8"/>
      <line num="87" type="stmt" count="8"/>
      <line num="88" type="stmt" count="8"/>
      <line num="89" type="stmt" count="8"/>
      <line num="90" type="stmt" count="1"/>
      <line num="91" type="stmt" count="7"/>
      <line num="92" type="stmt" count="1"/>
      <line num="94" type="stmt" count="6"/>
      <line num="95" type="stmt" count="6"/>
      <line num="97" type="stmt" count="8"/>
      <line num="101" type="method" name="pswError" visibility="protected" complexity="3" crap="3.14" count="1"/>
      <line num="102" type="stmt" count="1"/>
      <line num="103" type="stmt" count="1"/>
      <line num="104" type="stmt" count="0"/>
      <line num="105" type="stmt" count="0"/>
      <line num="107" type="stmt" count="1"/>
      <line num="108" type="stmt" count="1"/>
      <line num="109" type="stmt" count="1"/>
      <line num="110" type="stmt" count="1"/>
      <line num="111" type="stmt" count="1"/>
      <line num="112" type="stmt" count="1"/>
      <line num="114" type="stmt" count="0"/>
      <line num="116" type="stmt" count="1"/>
      <line num="124" type="method" name="changepsw" visibility="public" complexity="6" crap="6" count="4"/>
      <line num="125" type="stmt" count="4"/>
      <line num="126" type="stmt" count="4"/>
      <line num="127" type="stmt" count="4"/>
      <line num="128" type="stmt" count="4"/>
      <line num="129" type="stmt" count="4"/>
      <line num="131" type="stmt" count="4"/>
      <line num="132" type="stmt" count="4"/>
      <line num="133" type="stmt" count="2"/>
      <line num="134" type="stmt" count="2"/>
      <line num="136" type="stmt" count="2"/>
      <line num="137" type="stmt" count="2"/>
      <line num="138" type="stmt" count="1"/>
      <line num="140" type="stmt" count="1"/>
      <line num="142" type="stmt" count="1"/>
      <line num="143" type="stmt" count="1"/>
      <line num="144" type="stmt" count="1"/>
      <line num="147" type="stmt" count="1"/>
      <line num="148" type="stmt" count="1"/>
      <line num="149" type="stmt" count="1"/>
      <line num="150" type="stmt" count="1"/>
      <line num="151" type="stmt" count="1"/>
      <line num="152" type="stmt" count="1"/>
      <line num="153" type="stmt" count="1"/>
      <line num="154" type="stmt" count="1"/>
      <line num="155" type="stmt" count="1"/>
      <line num="158" type="stmt" count="2"/>
      <line num="161" type="stmt" count="0"/>
      <line num="164" type="stmt" count="2"/>
      <line num="171" type="method" name="mydata" visibility="public" complexity="5" crap="5.14" count="2"/>
      <line num="172" type="stmt" count="2"/>
      <line num="173" type="stmt" count="2"/>
      <line num="174" type="stmt" count="2"/>
      <line num="175" type="stmt" count="2"/>
      <line num="176" type="stmt" count="2"/>
      <line num="177" type="stmt" count="2"/>
      <line num="178" type="stmt" count="2"/>
      <line num="180" type="stmt" count="2"/>
      <line num="181" type="stmt" count="2"/>
      <line num="182" type="stmt" count="0"/>
      <line num="183" type="stmt" count="0"/>
      <line num="186" type="stmt" count="2"/>
      <line num="187" type="stmt" count="2"/>
      <line num="188" type="stmt" count="2"/>
      <line num="191" type="stmt" count="2"/>
      <line num="194" type="stmt" count="0"/>
      <line num="196" type="stmt" count="2"/>
      <line num="203" type="method" name="deleteaccount" visibility="public" complexity="5" crap="5.03" count="2"/>
      <line num="204" type="stmt" count="2"/>
      <line num="205" type="stmt" count="2"/>
      <line num="206" type="stmt" count="2"/>
      <line num="207" type="stmt" count="2"/>
      <line num="208" type="stmt" count="2"/>
      <line num="209" type="stmt" count="2"/>
      <line num="210" type="stmt" count="2"/>
      <line num="212" type="stmt" count="2"/>
      <line num="213" type="stmt" count="2"/>
      <line num="214" type="stmt" count="0"/>
      <line num="215" type="stmt" count="0"/>
      <line num="218" type="stmt" count="2"/>
      <line num="219" type="stmt" count="1"/>
      <line num="220" type="stmt" count="1"/>
      <line num="221" type="stmt" count="1"/>
      <line num="222" type="stmt" count="1"/>
      <line num="225" type="stmt" count="1"/>
      <line num="228" type="stmt" count="1"/>
      <line num="230" type="stmt" count="2"/>
      <line num="238" type="method" name="pdf" visibility="public" complexity="1" crap="1" count="1"/>
      <line num="239" type="stmt" count="1"/>
      <line num="240" type="stmt" count="1"/>
      <line num="242" type="stmt" count="1"/>
      <line num="243" type="stmt" count="1"/>
      <line num="244" type="stmt" count="1"/>
      <line num="245" type="stmt" count="1"/>
      <line num="246" type="stmt" count="1"/>
      <line num="247" type="stmt" count="1"/>
      <line num="255" type="method" name="parsePdf" visibility="protected" complexity="2" crap="2.02" count="1"/>
      <line num="256" type="stmt" count="1"/>
      <line num="257" type="stmt" count="1"/>
      <line num="258" type="stmt" count="1"/>
      <line num="259" type="stmt" count="1"/>
      <line num="260" type="stmt" count="0"/>
      <line num="262" type="stmt" count="1"/>
      <line num="271" type="method" name="checkPdfSig" visibility="protected" complexity="11" crap="12.49" count="1"/>
      <line num="272" type="stmt" count="1"/>
      <line num="273" type="stmt" count="1"/>
      <line num="274" type="stmt" count="1"/>
      <line num="275" type="stmt" count="1"/>
      <line num="276" type="stmt" count="1"/>
      <line num="277" type="stmt" count="1"/>
      <line num="279" type="stmt" count="1"/>
      <line num="280" type="stmt" count="1"/>
      <line num="281" type="stmt" count="1"/>
      <line num="282" type="stmt" count="1"/>
      <line num="283" type="stmt" count="1"/>
      <line num="284" type="stmt" count="1"/>
      <line num="285" type="stmt" count="1"/>
      <line num="287" type="stmt" count="1"/>
      <line num="288" type="stmt" count="1"/>
      <line num="291" type="stmt" count="1"/>
      <line num="292" type="stmt" count="1"/>
      <line num="293" type="stmt" count="1"/>
      <line num="295" type="stmt" count="1"/>
      <line num="298" type="stmt" count="0"/>
      <line num="299" type="stmt" count="0"/>
      <line num="301" type="stmt" count="0"/>
      <line num="302" type="stmt" count="0"/>
      <line num="304" type="stmt" count="0"/>
      <line num="305" type="stmt" count="0"/>
      <line num="308" type="stmt" count="1"/>
      <line num="316" type="method" name="extractIgazolasFromPdf" visibility="protected" complexity="2" crap="2.03" count="1"/>
      <line num="317" type="stmt" count="1"/>
      <line num="318" type="stmt" count="1"/>
      <line num="319" type="stmt" count="1"/>
      <line num="321" type="stmt" count="0"/>
      <line num="323" type="stmt" count="1"/>
      <line num="330" type="method" name="extractMeghatalmazoFromIgazolas" visibility="protected" complexity="2" crap="2.03" count="1"/>
      <line num="331" type="stmt" count="1"/>
      <line num="332" type="stmt" count="1"/>
      <line num="333" type="stmt" count="1"/>
      <line num="334" type="stmt" count="0"/>
      <line num="336" type="stmt" count="1"/>
      <line num="345" type="method" name="processUploadedFile" visibility="protected" complexity="8" crap="8.21" count="1"/>
      <line num="346" type="stmt" count="1"/>
      <line num="347" type="stmt" count="1"/>
      <line num="348" type="stmt" count="1"/>
      <line num="349" type="stmt" count="1"/>
      <line num="350" type="stmt" count="1"/>
      <line num="353" type="stmt" count="1"/>
      <line num="356" type="stmt" count="1"/>
      <line num="358" type="stmt" count="1"/>
      <line num="359" type="stmt" count="1"/>
      <line num="362" type="stmt" count="1"/>
      <line num="363" type="stmt" count="1"/>
      <line num="366" type="stmt" count="1"/>
      <line num="367" type="stmt" count="0"/>
      <line num="368" type="stmt" count="0"/>
      <line num="369" type="stmt" count="0"/>
      <line num="372" type="stmt" count="1"/>
      <line num="374" type="stmt" count="1"/>
      <line num="375" type="stmt" count="1"/>
      <line num="376" type="stmt" count="1"/>
      <line num="377" type="stmt" count="1"/>
      <line num="378" type="stmt" count="1"/>
      <line num="379" type="stmt" count="1"/>
      <line num="381" type="stmt" count="1"/>
      <line num="382" type="stmt" count="0"/>
      <line num="384" type="stmt" count="1"/>
      <line num="386" type="stmt" count="1"/>
      <line num="388" type="stmt" count="1"/>
      <line num="398" type="method" name="getSignHash" visibility="public" complexity="3" crap="3.01" count="2"/>
      <line num="399" type="stmt" count="2"/>
      <line num="400" type="stmt" count="2"/>
      <line num="401" type="stmt" count="2"/>
      <line num="402" type="stmt" count="2"/>
      <line num="403" type="stmt" count="1"/>
      <line num="405" type="stmt" count="1"/>
      <line num="406" type="stmt" count="1"/>
      <line num="407" type="stmt" count="1"/>
      <line num="409" type="stmt" count="0"/>
      <line num="412" type="stmt" count="2"/>
      <line num="421" type="method" name="checkSignHashExist" visibility="public" complexity="2" crap="2.03" count="1"/>
      <line num="422" type="stmt" count="1"/>
      <line num="423" type="stmt" count="1"/>
      <line num="424" type="stmt" count="1"/>
      <line num="425" type="stmt" count="1"/>
      <line num="426" type="stmt" count="1"/>
      <line num="427" type="stmt" count="1"/>
      <line num="428" type="stmt" count="1"/>
      <line num="429" type="stmt" count="0"/>
      <line num="430" type="stmt" count="0"/>
      <line num="432" type="stmt" count="1"/>
      <line num="439" type="method" name="clearFolder" visibility="protected" complexity="4" crap="4.59" count="2"/>
      <line num="440" type="stmt" count="2"/>
      <line num="441" type="stmt" count="2"/>
      <line num="442" type="stmt" count="2"/>
      <line num="443" type="stmt" count="0"/>
      <line num="444" type="stmt" count="0"/>
      <line num="448" type="stmt" count="2"/>
      <line num="453" type="method" name="createWorkDir" visibility="protected" complexity="2" crap="2" count="2"/>
      <line num="454" type="stmt" count="2"/>
      <line num="455" type="stmt" count="2"/>
      <line num="456" type="stmt" count="2"/>
      <line num="457" type="stmt" count="2"/>
      <line num="459" type="stmt" count="2"/>
      <line num="471" type="method" name="registform2" visibility="public" complexity="13" crap="13.65" count="2"/>
      <line num="472" type="stmt" count="2"/>
      <line num="473" type="stmt" count="2"/>
      <line num="474" type="stmt" count="2"/>
      <line num="475" type="stmt" count="2"/>
      <line num="476" type="stmt" count="2"/>
      <line num="477" type="stmt" count="2"/>
      <line num="478" type="stmt" count="2"/>
      <line num="479" type="stmt" count="2"/>
      <line num="480" type="stmt" count="0"/>
      <line num="482" type="stmt" count="2"/>
      <line num="483" type="stmt" count="2"/>
      <line num="484" type="stmt" count="1"/>
      <line num="485" type="stmt" count="1"/>
      <line num="486" type="stmt" count="1"/>
      <line num="490" type="stmt" count="2"/>
      <line num="493" type="stmt" count="2"/>
      <line num="496" type="stmt" count="2"/>
      <line num="500" type="stmt" count="2"/>
      <line num="502" type="stmt" count="2"/>
      <line num="504" type="stmt" count="1"/>
      <line num="505" type="stmt" count="1"/>
      <line num="506" type="stmt" count="0"/>
      <line num="508" type="stmt" count="1"/>
      <line num="510" type="stmt" count="1"/>
      <line num="513" type="stmt" count="2"/>
      <line num="514" type="stmt" count="1"/>
      <line num="515" type="stmt" count="1"/>
      <line num="516" type="stmt" count="0"/>
      <line num="520" type="stmt" count="2"/>
      <line num="522" type="stmt" count="0"/>
      <line num="523" type="stmt" count="0"/>
      <line num="524" type="stmt" count="0"/>
      <line num="529" type="stmt" count="2"/>
      <line num="530" type="stmt" count="2"/>
      <line num="532" type="stmt" count="2"/>
      <line num="534" type="stmt" count="1"/>
      <line num="535" type="stmt" count="1"/>
      <line num="536" type="stmt" count="1"/>
      <line num="537" type="stmt" count="1"/>
      <line num="538" type="stmt" count="1"/>
      <line num="539" type="stmt" count="1"/>
      <line num="540" type="stmt" count="1"/>
      <line num="541" type="stmt" count="1"/>
      <line num="542" type="stmt" count="1"/>
      <line num="543" type="stmt" count="0"/>
      <line num="544" type="stmt" count="0"/>
      <line num="546" type="stmt" count="1"/>
      <line num="548" type="stmt" count="1"/>
      <line num="549" type="stmt" count="1"/>
      <line num="550" type="stmt" count="1"/>
      <line num="552" type="stmt" count="2"/>
      <line num="563" type="method" name="recallRegistForm2" visibility="protected" complexity="3" crap="3.02" count="6"/>
      <line num="564" type="stmt" count="6"/>
      <line num="565" type="stmt" count="6"/>
      <line num="566" type="stmt" count="6"/>
      <line num="568" type="stmt" count="6"/>
      <line num="569" type="stmt" count="6"/>
      <line num="570" type="stmt" count="6"/>
      <line num="571" type="stmt" count="6"/>
      <line num="572" type="stmt" count="6"/>
      <line num="573" type="stmt" count="6"/>
      <line num="574" type="stmt" count="6"/>
      <line num="575" type="stmt" count="6"/>
      <line num="576" type="stmt" count="6"/>
      <line num="578" type="stmt" count="0"/>
      <line num="579" type="stmt" count="0"/>
      <line num="581" type="stmt" count="6"/>
      <line num="582" type="stmt" count="6"/>
      <line num="590" type="method" name="doregist" visibility="public" complexity="13" crap="13.70" count="8"/>
      <line num="591" type="stmt" count="8"/>
      <line num="592" type="stmt" count="8"/>
      <line num="593" type="stmt" count="8"/>
      <line num="596" type="stmt" count="8"/>
      <line num="599" type="stmt" count="8"/>
      <line num="600" type="stmt" count="8"/>
      <line num="601" type="stmt" count="8"/>
      <line num="603" type="stmt" count="8"/>
      <line num="605" type="stmt" count="8"/>
      <line num="606" type="stmt" count="0"/>
      <line num="607" type="stmt" count="0"/>
      <line num="609" type="stmt" count="8"/>
      <line num="610" type="stmt" count="7"/>
      <line num="612" type="stmt" count="1"/>
      <line num="613" type="stmt" count="1"/>
      <line num="614" type="stmt" count="0"/>
      <line num="615" type="stmt" count="0"/>
      <line num="616" type="stmt" count="0"/>
      <line num="621" type="stmt" count="8"/>
      <line num="622" type="stmt" count="8"/>
      <line num="623" type="stmt" count="0"/>
      <line num="624" type="stmt" count="0"/>
      <line num="625" type="stmt" count="0"/>
      <line num="628" type="stmt" count="8"/>
      <line num="631" type="stmt" count="8"/>
      <line num="632" type="stmt" count="8"/>
      <line num="633" type="stmt" count="8"/>
      <line num="634" type="stmt" count="8"/>
      <line num="635" type="stmt" count="8"/>
      <line num="636" type="stmt" count="8"/>
      <line num="637" type="stmt" count="1"/>
      <line num="639" type="stmt" count="8"/>
      <line num="640" type="stmt" count="1"/>
      <line num="642" type="stmt" count="8"/>
      <line num="643" type="stmt" count="1"/>
      <line num="645" type="stmt" count="8"/>
      <line num="646" type="stmt" count="8"/>
      <line num="647" type="stmt" count="6"/>
      <line num="649" type="stmt" count="2"/>
      <line num="650" type="stmt" count="2"/>
      <line num="651" type="stmt" count="2"/>
      <line num="652" type="stmt" count="2"/>
      <line num="653" type="stmt" count="2"/>
      <line num="654" type="stmt" count="2"/>
      <line num="655" type="stmt" count="2"/>
      <line num="656" type="stmt" count="2"/>
      <line num="657" type="stmt" count="2"/>
      <line num="658" type="stmt" count="2"/>
      <line num="659" type="stmt" count="1"/>
      <line num="660" type="stmt" count="1"/>
      <line num="662" type="stmt" count="1"/>
      <line num="663" type="stmt" count="1"/>
      <line num="665" type="stmt" count="2"/>
      <line num="666" type="stmt" count="2"/>
      <line num="668" type="stmt" count="0"/>
      <line num="671" type="stmt" count="8"/>
      <line num="678" type="method" name="loginform" visibility="public" complexity="6" crap="6.15" count="2"/>
      <line num="679" type="stmt" count="2"/>
      <line num="680" type="stmt" count="2"/>
      <line num="681" type="stmt" count="2"/>
      <line num="682" type="stmt" count="2"/>
      <line num="683" type="stmt" count="2"/>
      <line num="684" type="stmt" count="1"/>
      <line num="685" type="stmt" count="1"/>
      <line num="686" type="stmt" count="1"/>
      <line num="689" type="stmt" count="1"/>
      <line num="690" type="stmt" count="1"/>
      <line num="691" type="stmt" count="0"/>
      <line num="692" type="stmt" count="0"/>
      <line num="695" type="stmt" count="1"/>
      <line num="696" type="stmt" count="0"/>
      <line num="697" type="stmt" count="0"/>
      <line num="700" type="stmt" count="1"/>
      <line num="702" type="stmt" count="1"/>
      <line num="703" type="stmt" count="1"/>
      <line num="704" type="stmt" count="1"/>
      <line num="705" type="stmt" count="1"/>
      <line num="706" type="stmt" count="1"/>
      <line num="707" type="stmt" count="1"/>
      <line num="708" type="stmt" count="1"/>
      <line num="710" type="stmt" count="1"/>
      <line num="712" type="stmt" count="2"/>
      <line num="722" type="method" name="recallLoginForm" visibility="protected" complexity="1" crap="1" count="4"/>
      <line num="723" type="stmt" count="4"/>
      <line num="724" type="stmt" count="4"/>
      <line num="725" type="stmt" count="4"/>
      <line num="726" type="stmt" count="4"/>
      <line num="727" type="stmt" count="4"/>
      <line num="728" type="stmt" count="4"/>
      <line num="729" type="stmt" count="4"/>
      <line num="730" type="stmt" count="4"/>
      <line num="731" type="stmt" count="4"/>
      <line num="732" type="stmt" count="4"/>
      <line num="741" type="method" name="getCallbackUrl" visibility="public" complexity="10" crap="10.24" count="2"/>
      <line num="742" type="stmt" count="2"/>
      <line num="743" type="stmt" count="2"/>
      <line num="744" type="stmt" count="0"/>
      <line num="746" type="stmt" count="2"/>
      <line num="748" type="stmt" count="2"/>
      <line num="750" type="stmt" count="2"/>
      <line num="751" type="stmt" count="2"/>
      <line num="752" type="stmt" count="1"/>
      <line num="753" type="stmt" count="1"/>
      <line num="754" type="stmt" count="1"/>
      <line num="756" type="stmt" count="0"/>
      <line num="758" type="stmt" count="1"/>
      <line num="759" type="stmt" count="1"/>
      <line num="760" type="stmt" count="1"/>
      <line num="764" type="stmt" count="2"/>
      <line num="773" type="method" name="dologin" visibility="public" complexity="8" crap="8.20" count="4"/>
      <line num="775" type="stmt" count="4"/>
      <line num="777" type="stmt" count="4"/>
      <line num="778" type="stmt" count="4"/>
      <line num="779" type="stmt" count="4"/>
      <line num="780" type="stmt" count="4"/>
      <line num="781" type="stmt" count="4"/>
      <line num="782" type="stmt" count="4"/>
      <line num="783" type="stmt" count="4"/>
      <line num="784" type="stmt" count="4"/>
      <line num="785" type="stmt" count="4"/>
      <line num="787" type="stmt" count="0"/>
      <line num="790" type="stmt" count="4"/>
      <line num="791" type="stmt" count="3"/>
      <line num="793" type="stmt" count="0"/>
      <line num="794" type="stmt" count="0"/>
      <line num="795" type="stmt" count="3"/>
      <line num="797" type="stmt" count="1"/>
      <line num="798" type="stmt" count="1"/>
      <line num="799" type="stmt" count="1"/>
      <line num="800" type="stmt" count="1"/>
      <line num="801" type="stmt" count="1"/>
      <line num="802" type="stmt" count="1"/>
      <line num="804" type="stmt" count="1"/>
      <line num="805" type="stmt" count="1"/>
      <line num="806" type="stmt" count="0"/>
      <line num="808" type="stmt" count="1"/>
      <line num="809" type="stmt" count="1"/>
      <line num="813" type="stmt" count="2"/>
      <line num="814" type="stmt" count="2"/>
      <line num="815" type="stmt" count="0"/>
      <line num="816" type="stmt" count="0"/>
      <line num="818" type="stmt" count="2"/>
      <line num="819" type="stmt" count="2"/>
      <line num="820" type="stmt" count="2"/>
      <line num="821" type="stmt" count="2"/>
      <line num="822" type="stmt" count="2"/>
      <line num="824" type="stmt" count="2"/>
      <line num="829" type="stmt" count="1"/>
      <line num="831" type="stmt" count="1"/>
      <line num="832" type="stmt" count="1"/>
      <line num="834" type="stmt" count="3"/>
      <line num="843" type="method" name="access_token" visibility="public" complexity="9" crap="9.43" count="1"/>
      <line num="844" type="stmt" count="1"/>
      <line num="845" type="stmt" count="1"/>
      <line num="846" type="stmt" count="1"/>
      <line num="847" type="stmt" count="1"/>
      <line num="848" type="stmt" count="1"/>
      <line num="849" type="stmt" count="1"/>
      <line num="851" type="stmt" count="1"/>
      <line num="852" type="stmt" count="0"/>
      <line num="854" type="stmt" count="1"/>
      <line num="855" type="stmt" count="0"/>
      <line num="858" type="stmt" count="1"/>
      <line num="860" type="stmt" count="1"/>
      <line num="861" type="stmt" count="0"/>
      <line num="864" type="stmt" count="1"/>
      <line num="865" type="stmt" count="1"/>
      <line num="866" type="stmt" count="1"/>
      <line num="867" type="stmt" count="1"/>
      <line num="868" type="stmt" count="1"/>
      <line num="870" type="stmt" count="1"/>
      <line num="871" type="stmt" count="1"/>
      <line num="873" type="stmt" count="1"/>
      <line num="876" type="stmt" count="0"/>
      <line num="878" type="stmt" count="1"/>
      <line num="887" type="method" name="userinfo" visibility="public" complexity="3" crap="3.07" count="1"/>
      <line num="888" type="stmt" count="1"/>
      <line num="889" type="stmt" count="1"/>
      <line num="890" type="stmt" count="1"/>
      <line num="891" type="stmt" count="1"/>
      <line num="893" type="stmt" count="1"/>
      <line num="894" type="stmt" count="0"/>
      <line num="896" type="stmt" count="1"/>
      <line num="897" type="stmt" count="1"/>
      <line num="899" type="stmt" count="0"/>
      <line num="901" type="stmt" count="1"/>
      <line num="907" type="method" name="useractival" visibility="public" complexity="2" crap="2" count="2"/>
      <line num="908" type="stmt" count="2"/>
      <line num="909" type="stmt" count="2"/>
      <line num="910" type="stmt" count="2"/>
      <line num="911" type="stmt" count="2"/>
      <line num="912" type="stmt" count="2"/>
      <line num="913" type="stmt" count="2"/>
      <line num="914" type="stmt" count="2"/>
      <line num="915" type="stmt" count="2"/>
      <line num="916" type="stmt" count="1"/>
      <line num="917" type="stmt" count="1"/>
      <line num="918" type="stmt" count="1"/>
      <line num="919" type="stmt" count="1"/>
      <line num="920" type="stmt" count="1"/>
      <line num="922" type="stmt" count="1"/>
      <line num="924" type="stmt" count="2"/>
      <metrics loc="927" ncloc="668" classes="1" methods="27" coveredmethods="7" conditionals="0" coveredconditionals="0" statements="493" coveredstatements="429" elements="520" coveredelements="436"/>
    </file>
    <file name="/var/www/html/uklogin/controllers/readme.php">
      <class name="ReadmeController" namespace="global">
        <metrics complexity="2" methods="1" coveredmethods="0" conditionals="0" coveredconditionals="0" statements="9" coveredstatements="8" elements="10" coveredelements="8"/>
      </class>
      <line num="3" type="method" name="show" visibility="public" complexity="2" crap="2.01" count="1"/>
      <line num="5" type="stmt" count="1"/>
      <line num="6" type="stmt" count="1"/>
      <line num="8" type="stmt" count="1"/>
      <line num="9" type="stmt" count="1"/>
      <line num="10" type="stmt" count="1"/>
      <line num="11" type="stmt" count="1"/>
      <line num="12" type="stmt" count="0"/>
      <line num="14" type="stmt" count="1"/>
      <line num="16" type="stmt" count="1"/>
      <metrics loc="17" ncloc="11" classes="1" methods="1" coveredmethods="0" conditionals="0" coveredconditionals="0" statements="9" coveredstatements="8" elements="10" coveredelements="8"/>
    </file>
    <file name="/var/www/html/uklogin/models/appregist.php">
      <class name="AppregistModel" namespace="global">
        <metrics complexity="54" methods="10" coveredmethods="5" conditionals="0" coveredconditionals="0" statements="127" coveredstatements="117" elements="137" coveredelements="122"/>
      </class>
      <line num="4" type="stmt" count="0"/>
      <line num="5" type="stmt" count="0"/>
      <line num="6" type="stmt" count="0"/>
      <line num="7" type="stmt" count="0"/>
      <line num="8" type="stmt" count="0"/>
      <line num="10" type="stmt" count="0"/>
      <line num="14" type="method" name="__construct" complexity="1" crap="1" count="40"/>
      <line num="15" type="stmt" count="40"/>
      <line num="16" type="stmt" count="40"/>
      <line num="35" type="stmt" count="40"/>
      <line num="42" type="method" name="getData" visibility="public" complexity="2" crap="2" count="33"/>
      <line num="43" type="stmt" count="33"/>
      <line num="44" type="stmt" count="33"/>
      <line num="45" type="stmt" count="33"/>
      <line num="46" type="stmt" count="33"/>
      <line num="47" type="stmt" count="33"/>
      <line num="48" type="stmt" count="27"/>
      <line num="50" type="stmt" count="6"/>
      <line num="59" type="method" name="url_exists" visibility="protected" complexity="3" crap="3" count="10"/>
      <line num="60" type="stmt" count="10"/>
      <line num="61" type="stmt" count="10"/>
      <line num="62" type="stmt" count="4"/>
      <line num="64" type="stmt" count="6"/>
      <line num="66" type="stmt" count="10"/>
      <line num="79" type="method" name="check" visibility="public" complexity="22" crap="22" count="21"/>
      <line num="80" type="stmt" count="21"/>
      <line num="81" type="stmt" count="21"/>
      <line num="82" type="stmt" count="21"/>
      <line num="83" type="stmt" count="21"/>
      <line num="84" type="stmt" count="21"/>
      <line num="85" type="stmt" count="1"/>
      <line num="87" type="stmt" count="21"/>
      <line num="88" type="stmt" count="2"/>
      <line num="90" type="stmt" count="21"/>
      <line num="91" type="stmt" count="3"/>
      <line num="93" type="stmt" count="21"/>
      <line num="94" type="stmt" count="7"/>
      <line num="96" type="stmt" count="21"/>
      <line num="97" type="stmt" count="19"/>
      <line num="98" type="stmt" count="19"/>
      <line num="99" type="stmt" count="19"/>
      <line num="100" type="stmt" count="1"/>
      <line num="103" type="stmt" count="21"/>
      <line num="104" type="stmt" count="1"/>
      <line num="106" type="stmt" count="21"/>
      <line num="107" type="stmt" count="1"/>
      <line num="108" type="stmt" count="20"/>
      <line num="109" type="stmt" count="10"/>
      <line num="111" type="stmt" count="6"/>
      <line num="112" type="stmt" count="0"/>
      <line num="113" type="stmt" count="6"/>
      <line num="116" type="stmt" count="4"/>
      <line num="118" type="stmt" count="10"/>
      <line num="119" type="stmt" count="6"/>
      <line num="120" type="stmt" count="6"/>
      <line num="121" type="stmt" count="6"/>
      <line num="124" type="stmt" count="4"/>
      <line num="127" type="stmt" count="21"/>
      <line num="136" type="method" name="checkNoEmpty" visibility="protected" complexity="10" crap="10" count="21"/>
      <line num="137" type="stmt" count="21"/>
      <line num="138" type="stmt" count="2"/>
      <line num="140" type="stmt" count="21"/>
      <line num="141" type="stmt" count="5"/>
      <line num="143" type="stmt" count="21"/>
      <line num="144" type="stmt" count="1"/>
      <line num="146" type="stmt" count="21"/>
      <line num="147" type="stmt" count="1"/>
      <line num="149" type="stmt" count="21"/>
      <line num="150" type="stmt" count="1"/>
      <line num="152" type="stmt" count="21"/>
      <line num="153" type="stmt" count="1"/>
      <line num="155" type="stmt" count="21"/>
      <line num="156" type="stmt" count="1"/>
      <line num="158" type="stmt" count="21"/>
      <line num="159" type="stmt" count="1"/>
      <line num="161" type="stmt" count="21"/>
      <line num="167" type="method" name="adjustData" visibility="protected" complexity="4" crap="4.07" count="3"/>
      <line num="168" type="stmt" count="3"/>
      <line num="169" type="stmt" count="3"/>
      <line num="171" type="stmt" count="3"/>
      <line num="172" type="stmt" count="3"/>
      <line num="173" type="stmt" count="3"/>
      <line num="174" type="stmt" count="3"/>
      <line num="175" type="stmt" count="3"/>
      <line num="176" type="stmt" count="3"/>
      <line num="177" type="stmt" count="0"/>
      <line num="179" type="stmt" count="3"/>
      <line num="180" type="stmt" count="0"/>
      <line num="182" type="stmt" count="3"/>
      <line num="191" type="method" name="updateAfterInsert" visibility="protected" complexity="2" crap="2.00" count="2"/>
      <line num="192" type="stmt" count="2"/>
      <line num="193" type="stmt" count="2"/>
      <line num="194" type="stmt" count="2"/>
      <line num="195" type="stmt" count="2"/>
      <line num="196" type="stmt" count="2"/>
      <line num="197" type="stmt" count="2"/>
      <line num="198" type="stmt" count="2"/>
      <line num="199" type="stmt" count="2"/>
      <line num="200" type="stmt" count="2"/>
      <line num="201" type="stmt" count="0"/>
      <line num="203" type="stmt" count="2"/>
      <line num="215" type="method" name="save" visibility="public" complexity="7" crap="7" count="5"/>
      <line num="216" type="stmt" count="5"/>
      <line num="217" type="stmt" count="5"/>
      <line num="218" type="stmt" count="5"/>
      <line num="219" type="stmt" count="5"/>
      <line num="220" type="stmt" count="3"/>
      <line num="221" type="stmt" count="3"/>
      <line num="222" type="stmt" count="2"/>
      <line num="223" type="stmt" count="2"/>
      <line num="225" type="stmt" count="2"/>
      <line num="226" type="stmt" count="2"/>
      <line num="227" type="stmt" count="2"/>
      <line num="228" type="stmt" count="2"/>
      <line num="231" type="stmt" count="2"/>
      <line num="235" type="stmt" count="1"/>
      <line num="236" type="stmt" count="1"/>
      <line num="237" type="stmt" count="1"/>
      <line num="238" type="stmt" count="1"/>
      <line num="239" type="stmt" count="0"/>
      <line num="243" type="stmt" count="5"/>
      <line num="244" type="stmt" count="5"/>
      <line num="245" type="stmt" count="3"/>
      <line num="246" type="stmt" count="3"/>
      <line num="247" type="stmt" count="3"/>
      <line num="250" type="stmt" count="2"/>
      <line num="252" type="stmt" count="5"/>
      <line num="260" type="method" name="remove" visibility="public" complexity="2" crap="2" count="3"/>
      <line num="261" type="stmt" count="3"/>
      <line num="262" type="stmt" count="3"/>
      <line num="263" type="stmt" count="3"/>
      <line num="264" type="stmt" count="3"/>
      <line num="265" type="stmt" count="3"/>
      <line num="266" type="stmt" count="2"/>
      <line num="267" type="stmt" count="2"/>
      <line num="269" type="stmt" count="1"/>
      <line num="271" type="stmt" count="3"/>
      <line num="279" type="method" name="update" visibility="public" complexity="1" crap="2" count="0"/>
      <line num="280" type="stmt" count="0"/>
      <line num="281" type="stmt" count="0"/>
      <line num="282" type="stmt" count="0"/>
      <line num="283" type="stmt" count="0"/>
      <line num="284" type="stmt" count="0"/>
      <metrics loc="286" ncloc="221" classes="1" methods="10" coveredmethods="5" conditionals="0" coveredconditionals="0" statements="133" coveredstatements="117" elements="143" coveredelements="122"/>
    </file>
    <file name="/var/www/html/uklogin/models/browser.php">
      <class name="BrowserModel" namespace="global">
        <metrics complexity="2" methods="1" coveredmethods="0" conditionals="0" coveredconditionals="0" statements="6" coveredstatements="0" elements="7" coveredelements="0"/>
      </class>
      <line num="9" type="method" name="getData" visibility="public" complexity="2" crap="6" count="0"/>
      <line num="10" type="stmt" count="0"/>
      <line num="11" type="stmt" count="0"/>
      <line num="12" type="stmt" count="0"/>
      <line num="13" type="stmt" count="0"/>
      <line num="14" type="stmt" count="0"/>
      <line num="16" type="stmt" count="0"/>
      <metrics loc="19" ncloc="12" classes="1" methods="1" coveredmethods="0" conditionals="0" coveredconditionals="0" statements="6" coveredstatements="0" elements="7" coveredelements="0"/>
    </file>
    <file name="/var/www/html/uklogin/models/example.php">
      <class name="ExampleModel" namespace="global">
        <metrics complexity="2" methods="1" coveredmethods="0" conditionals="0" coveredconditionals="0" statements="6" coveredstatements="0" elements="7" coveredelements="0"/>
      </class>
      <line num="9" type="method" name="getData" visibility="public" complexity="2" crap="6" count="0"/>
      <line num="10" type="stmt" count="0"/>
      <line num="11" type="stmt" count="0"/>
      <line num="12" type="stmt" count="0"/>
      <line num="13" type="stmt" count="0"/>
      <line num="14" type="stmt" count="0"/>
      <line num="16" type="stmt" count="0"/>
      <metrics loc="19" ncloc="12" classes="1" methods="1" coveredmethods="0" conditionals="0" coveredconditionals="0" statements="6" coveredstatements="0" elements="7" coveredelements="0"/>
    </file>
    <file name="/var/www/html/uklogin/models/frontpage.php">
      <class name="FrontpageModel" namespace="global">
        <metrics complexity="2" methods="2" coveredmethods="2" conditionals="0" coveredconditionals="0" statements="4" coveredstatements="4" elements="6" coveredelements="6"/>
      </class>
      <line num="5" type="method" name="getAppCount" visibility="public" complexity="1" crap="1" count="1"/>
      <line num="6" type="stmt" count="1"/>
      <line num="7" type="stmt" count="1"/>
      <line num="10" type="method" name="getUserCount" visibility="public" complexity="1" crap="1" count="1"/>
      <line num="11" type="stmt" count="1"/>
      <line num="12" type="stmt" count="1"/>
      <metrics loc="16" ncloc="14" classes="1" methods="2" coveredmethods="2" conditionals="0" coveredconditionals="0" statements="4" coveredstatements="4" elements="6" coveredelements="6"/>
    </file>
    <file name="/var/www/html/uklogin/models/hack.php">
      <class name="HackModel" namespace="global">
        <metrics complexity="7" methods="4" coveredmethods="3" conditionals="0" coveredconditionals="0" statements="26" coveredstatements="25" elements="30" coveredelements="28"/>
      </class>
      <line num="4" type="method" name="__construct" complexity="1" crap="1" count="6"/>
      <line num="5" type="stmt" count="6"/>
      <line num="6" type="stmt" count="6"/>
      <line num="13" type="stmt" count="6"/>
      <line num="15" type="method" name="checkEnabled" visibility="public" complexity="3" crap="3.02" count="6"/>
      <line num="16" type="stmt" count="6"/>
      <line num="17" type="stmt" count="6"/>
      <line num="18" type="stmt" count="6"/>
      <line num="19" type="stmt" count="6"/>
      <line num="20" type="stmt" count="6"/>
      <line num="21" type="stmt" count="3"/>
      <line num="22" type="stmt" count="0"/>
      <line num="25" type="stmt" count="6"/>
      <line num="28" type="method" name="ipAddError" visibility="public" complexity="2" crap="2" count="3"/>
      <line num="29" type="stmt" count="3"/>
      <line num="30" type="stmt" count="3"/>
      <line num="31" type="stmt" count="3"/>
      <line num="32" type="stmt" count="3"/>
      <line num="33" type="stmt" count="2"/>
      <line num="34" type="stmt" count="2"/>
      <line num="36" type="stmt" count="1"/>
      <line num="37" type="stmt" count="1"/>
      <line num="38" type="stmt" count="1"/>
      <line num="39" type="stmt" count="1"/>
      <line num="41" type="stmt" count="3"/>
      <line num="43" type="method" name="ipEnable" visibility="public" complexity="1" crap="1" count="3"/>
      <line num="44" type="stmt" count="3"/>
      <line num="45" type="stmt" count="3"/>
      <line num="46" type="stmt" count="3"/>
      <line num="47" type="stmt" count="3"/>
      <metrics loc="49" ncloc="47" classes="1" methods="4" coveredmethods="3" conditionals="0" coveredconditionals="0" statements="26" coveredstatements="25" elements="30" coveredelements="28"/>
    </file>
    <file name="/var/www/html/uklogin/models/oauth2.php">
      <class name="Oauth2Model" namespace="global">
        <metrics complexity="25" methods="10" coveredmethods="4" conditionals="0" coveredconditionals="0" statements="94" coveredstatements="82" elements="104" coveredelements="86"/>
      </class>
      <line num="4" type="method" name="__construct" complexity="1" crap="1" count="26"/>
      <line num="5" type="stmt" count="26"/>
      <line num="6" type="stmt" count="26"/>
      <line num="26" type="stmt" count="26"/>
      <line num="27" type="stmt" count="26"/>
      <line num="29" type="stmt" count="26"/>
      <line num="32" type="stmt" count="26"/>
      <line num="33" type="stmt" count="26"/>
      <line num="35" type="stmt" count="26"/>
      <line num="37" type="stmt" count="26"/>
      <line num="44" type="method" name="strToHex" visibility="protected" complexity="2" crap="6" count="0"/>
      <line num="45" type="stmt" count="0"/>
      <line num="46" type="stmt" count="0"/>
      <line num="47" type="stmt" count="0"/>
      <line num="48" type="stmt" count="0"/>
      <line num="49" type="stmt" count="0"/>
      <line num="51" type="stmt" count="0"/>
      <line num="58" type="method" name="getUserByNick" visibility="public" complexity="2" crap="2" count="20"/>
      <line num="59" type="stmt" count="20"/>
      <line num="60" type="stmt" count="20"/>
      <line num="61" type="stmt" count="20"/>
      <line num="62" type="stmt" count="20"/>
      <line num="63" type="stmt" count="20"/>
      <line num="64" type="stmt" count="20"/>
      <line num="65" type="stmt" count="11"/>
      <line num="67" type="stmt" count="9"/>
      <line num="76" type="method" name="getUserBySignHash" visibility="public" complexity="2" crap="2" count="8"/>
      <line num="77" type="stmt" count="8"/>
      <line num="78" type="stmt" count="8"/>
      <line num="79" type="stmt" count="8"/>
      <line num="80" type="stmt" count="8"/>
      <line num="81" type="stmt" count="8"/>
      <line num="82" type="stmt" count="8"/>
      <line num="83" type="stmt" count="1"/>
      <line num="85" type="stmt" count="7"/>
      <line num="94" type="method" name="getUserByCode" visibility="public" complexity="2" crap="2.01" count="1"/>
      <line num="95" type="stmt" count="1"/>
      <line num="96" type="stmt" count="1"/>
      <line num="97" type="stmt" count="1"/>
      <line num="98" type="stmt" count="1"/>
      <line num="99" type="stmt" count="1"/>
      <line num="100" type="stmt" count="1"/>
      <line num="101" type="stmt" count="1"/>
      <line num="102" type="stmt" count="1"/>
      <line num="104" type="stmt" count="0"/>
      <line num="113" type="method" name="getUserByAccess_token" visibility="public" complexity="2" crap="2.00" count="1"/>
      <line num="114" type="stmt" count="1"/>
      <line num="115" type="stmt" count="1"/>
      <line num="116" type="stmt" count="1"/>
      <line num="117" type="stmt" count="1"/>
      <line num="118" type="stmt" count="1"/>
      <line num="119" type="stmt" count="1"/>
      <line num="120" type="stmt" count="1"/>
      <line num="121" type="stmt" count="1"/>
      <line num="122" type="stmt" count="1"/>
      <line num="123" type="stmt" count="1"/>
      <line num="125" type="stmt" count="0"/>
      <line num="129" type="method" name="check" visibility="public" complexity="8" crap="8" count="8"/>
      <line num="130" type="stmt" count="8"/>
      <line num="131" type="stmt" count="8"/>
      <line num="132" type="stmt" count="1"/>
      <line num="134" type="stmt" count="8"/>
      <line num="135" type="stmt" count="2"/>
      <line num="137" type="stmt" count="6"/>
      <line num="138" type="stmt" count="1"/>
      <line num="140" type="stmt" count="6"/>
      <line num="141" type="stmt" count="2"/>
      <line num="144" type="stmt" count="8"/>
      <line num="145" type="stmt" count="7"/>
      <line num="146" type="stmt" count="7"/>
      <line num="147" type="stmt" count="1"/>
      <line num="149" type="stmt" count="7"/>
      <line num="150" type="stmt" count="7"/>
      <line num="151" type="stmt" count="1"/>
      <line num="154" type="stmt" count="8"/>
      <line num="157" type="method" name="addUser" visibility="public" complexity="2" crap="2.03" count="1"/>
      <line num="158" type="stmt" count="1"/>
      <line num="159" type="stmt" count="1"/>
      <line num="160" type="stmt" count="1"/>
      <line num="161" type="stmt" count="1"/>
      <line num="162" type="stmt" count="1"/>
      <line num="163" type="stmt" count="1"/>
      <line num="164" type="stmt" count="1"/>
      <line num="166" type="stmt" count="0"/>
      <line num="167" type="stmt" count="0"/>
      <line num="169" type="stmt" count="1"/>
      <line num="172" type="method" name="updateUser" visibility="public" complexity="2" crap="2.01" count="6"/>
      <line num="173" type="stmt" count="6"/>
      <line num="174" type="stmt" count="6"/>
      <line num="175" type="stmt" count="6"/>
      <line num="176" type="stmt" count="6"/>
      <line num="177" type="stmt" count="6"/>
      <line num="178" type="stmt" count="6"/>
      <line num="179" type="stmt" count="0"/>
      <line num="181" type="stmt" count="6"/>
      <line num="184" type="method" name="deleteUser" visibility="public" complexity="2" crap="2.01" count="1"/>
      <line num="185" type="stmt" count="1"/>
      <line num="186" type="stmt" count="1"/>
      <line num="187" type="stmt" count="1"/>
      <line num="188" type="stmt" count="1"/>
      <line num="189" type="stmt" count="1"/>
      <line num="190" type="stmt" count="1"/>
      <line num="191" type="stmt" count="0"/>
      <line num="193" type="stmt" count="1"/>
      <metrics loc="198" ncloc="167" classes="1" methods="10" coveredmethods="4" conditionals="0" coveredconditionals="0" statements="94" coveredstatements="82" elements="104" coveredelements="86"/>
    </file>
    <file name="/var/www/html/uklogin/views/adatkezeles.php">
      <class name="AdatkezelesView" namespace="global">
        <metrics complexity="2" methods="1" coveredmethods="1" conditionals="0" coveredconditionals="0" statements="9" coveredstatements="9" elements="10" coveredelements="10"/>
      </class>
      <line num="2" type="stmt" count="0"/>
      <line num="9" type="method" name="display" visibility="public" complexity="2" crap="2" count="1"/>
      <line num="10" type="stmt" count="1"/>
      <line num="11" type="stmt" count="1"/>
      <line num="12" type="stmt" count="1"/>
      <line num="13" type="stmt" count="1"/>
      <line num="14" type="stmt" count="1"/>
      <line num="16" type="stmt" count="1"/>
      <line num="20" type="stmt" count="1"/>
      <line num="106" type="stmt" count="1"/>
      <line num="109" type="stmt" count="1"/>
      <metrics loc="112" ncloc="107" classes="1" methods="1" coveredmethods="1" conditionals="0" coveredconditionals="0" statements="10" coveredstatements="9" elements="11" coveredelements="10"/>
    </file>
    <file name="/var/www/html/uklogin/views/adomany.php">
      <class name="AdomanyView" namespace="global">
        <metrics complexity="2" methods="1" coveredmethods="1" conditionals="0" coveredconditionals="0" statements="9" coveredstatements="9" elements="10" coveredelements="10"/>
      </class>
      <line num="2" type="stmt" count="0"/>
      <line num="9" type="method" name="display" visibility="public" complexity="2" crap="2" count="1"/>
      <line num="10" type="stmt" count="1"/>
      <line num="11" type="stmt" count="1"/>
      <line num="12" type="stmt" count="1"/>
      <line num="13" type="stmt" count="1"/>
      <line num="14" type="stmt" count="1"/>
      <line num="16" type="stmt" count="1"/>
      <line num="20" type="stmt" count="1"/>
      <line num="61" type="stmt" count="1"/>
      <line num="64" type="stmt" count="1"/>
      <metrics loc="67" ncloc="62" classes="1" methods="1" coveredmethods="1" conditionals="0" coveredconditionals="0" statements="10" coveredstatements="9" elements="11" coveredelements="10"/>
    </file>
    <file name="/var/www/html/uklogin/views/appregist.php">
      <class name="AppregistView" namespace="global">
        <metrics complexity="16" methods="5" coveredmethods="2" conditionals="0" coveredconditionals="0" statements="55" coveredstatements="46" elements="60" coveredelements="48"/>
      </class>
      <line num="2" type="stmt" count="0"/>
      <line num="9" type="method" name="form" visibility="public" complexity="9" crap="9" count="2"/>
      <line num="10" type="stmt" count="2"/>
      <line num="13" type="stmt" count="2"/>
      <line num="15" type="stmt" count="2"/>
      <line num="19" type="stmt" count="1"/>
      <line num="22" type="stmt" count="1"/>
      <line num="27" type="stmt" count="2"/>
      <line num="29" type="stmt" count="2"/>
      <line num="31" type="stmt" count="1"/>
      <line num="33" type="stmt" count="1"/>
      <line num="34" type="stmt" count="1"/>
      <line num="35" type="stmt" count="1"/>
      <line num="38" type="stmt" count="0"/>
      <line num="41" type="stmt" count="1"/>
      <line num="52" type="stmt" count="1"/>
      <line num="61" type="stmt" count="2"/>
      <line num="107" type="stmt" count="2"/>
      <line num="114" type="stmt" count="1"/>
      <line num="124" type="stmt" count="1"/>
      <line num="127" type="stmt" count="1"/>
      <line num="132" type="stmt" count="2"/>
      <line num="143" type="stmt" count="1"/>
      <line num="150" type="stmt" count="2"/>
      <line num="154" type="stmt" count="2"/>
      <line num="157" type="stmt" count="2"/>
      <line num="164" type="method" name="successMsg" visibility="public" complexity="1" crap="1" count="1"/>
      <line num="165" type="stmt" count="1"/>
      <line num="167" type="stmt" count="1"/>
      <line num="169" type="stmt" count="1"/>
      <line num="176" type="stmt" count="1"/>
      <line num="179" type="stmt" count="1"/>
      <line num="185" type="method" name="errorMsg" visibility="public" complexity="1" crap="2" count="0"/>
      <line num="186" type="stmt" count="0"/>
      <line num="187" type="stmt" count="0"/>
      <line num="189" type="stmt" count="0"/>
      <line num="191" type="stmt" count="0"/>
      <line num="194" type="stmt" count="0"/>
      <line num="197" type="stmt" count="0"/>
      <line num="200" type="stmt" count="0"/>
      <line num="207" type="method" name="removedMsg" visibility="public" complexity="1" crap="1" count="1"/>
      <line num="208" type="stmt" count="1"/>
      <line num="209" type="stmt" count="1"/>
      <line num="211" type="stmt" count="1"/>
      <line num="213" type="stmt" count="1"/>
      <line num="218" type="stmt" count="1"/>
      <line num="221" type="stmt" count="1"/>
      <line num="224" type="method" name="adminLoginForm" visibility="public" complexity="4" crap="4.01" count="4"/>
      <line num="225" type="stmt" count="4"/>
      <line num="228" type="stmt" count="4"/>
      <line num="230" type="stmt" count="4"/>
      <line num="233" type="stmt" count="3"/>
      <line num="235" type="stmt" count="3"/>
      <line num="236" type="stmt" count="3"/>
      <line num="237" type="stmt" count="3"/>
      <line num="240" type="stmt" count="0"/>
      <line num="243" type="stmt" count="3"/>
      <line num="245" type="stmt" count="4"/>
      <line num="273" type="stmt" count="4"/>
      <line num="277" type="stmt" count="4"/>
      <line num="280" type="stmt" count="4"/>
      <metrics loc="282" ncloc="263" classes="1" methods="5" coveredmethods="2" conditionals="0" coveredconditionals="0" statements="56" coveredstatements="46" elements="61" coveredelements="48"/>
    </file>
    <file name="/var/www/html/uklogin/views/common.php">
      <class name="CommonView" namespace="global">
        <metrics complexity="3" methods="2" coveredmethods="2" conditionals="0" coveredconditionals="0" statements="6" coveredstatements="6" elements="8" coveredelements="8"/>
      </class>
      <line num="8" type="method" name="echoNavbar" visibility="public" complexity="2" crap="2" count="13"/>
      <line num="9" type="stmt" count="13"/>
      <line num="10" type="stmt" count="8"/>
      <line num="13" type="stmt" count="13"/>
      <line num="45" type="stmt" count="13"/>
      <line num="47" type="method" name="echoFooter" complexity="1" crap="1" count="13"/>
      <line num="49" type="stmt" count="13"/>
      <line num="77" type="stmt" count="13"/>
      <metrics loc="78" ncloc="71" classes="1" methods="2" coveredmethods="2" conditionals="0" coveredconditionals="0" statements="6" coveredstatements="6" elements="8" coveredelements="8"/>
    </file>
    <file name="/var/www/html/uklogin/views/frontpage.php">
      <class name="FrontpageView" namespace="global">
        <metrics complexity="2" methods="1" coveredmethods="1" conditionals="0" coveredconditionals="0" statements="10" coveredstatements="10" elements="11" coveredelements="11"/>
      </class>
      <line num="2" type="stmt" count="0"/>
      <line num="9" type="method" name="display" visibility="public" complexity="2" crap="2" count="1"/>
      <line num="10" type="stmt" count="1"/>
      <line num="11" type="stmt" count="1"/>
      <line num="12" type="stmt" count="1"/>
      <line num="13" type="stmt" count="1"/>
      <line num="14" type="stmt" count="1"/>
      <line num="16" type="stmt" count="1"/>
      <line num="20" type="stmt" count="1"/>
      <line num="115" type="stmt" count="1"/>
      <line num="120" type="stmt" count="1"/>
      <line num="123" type="stmt" count="1"/>
      <metrics loc="125" ncloc="119" classes="1" methods="1" coveredmethods="1" conditionals="0" coveredconditionals="0" statements="11" coveredstatements="10" elements="12" coveredelements="11"/>
    </file>
    <file name="/var/www/html/uklogin/views/impresszum.php">
      <class name="ImpresszumView" namespace="global">
        <metrics complexity="2" methods="1" coveredmethods="1" conditionals="0" coveredconditionals="0" statements="9" coveredstatements="9" elements="10" coveredelements="10"/>
      </class>
      <line num="2" type="stmt" count="0"/>
      <line num="9" type="method" name="display" visibility="public" complexity="2" crap="2" count="1"/>
      <line num="10" type="stmt" count="1"/>
      <line num="11" type="stmt" count="1"/>
      <line num="12" type="stmt" count="1"/>
      <line num="13" type="stmt" count="1"/>
      <line num="14" type="stmt" count="1"/>
      <line num="16" type="stmt" count="1"/>
      <line num="20" type="stmt" count="1"/>
      <line num="49" type="stmt" count="1"/>
      <line num="52" type="stmt" count="1"/>
      <metrics loc="55" ncloc="50" classes="1" methods="1" coveredmethods="1" conditionals="0" coveredconditionals="0" statements="10" coveredstatements="9" elements="11" coveredelements="10"/>
    </file>
    <file name="/var/www/html/uklogin/views/oauth2.php">
      <class name="Oauth2View" namespace="global">
        <metrics complexity="18" methods="5" coveredmethods="5" conditionals="0" coveredconditionals="0" statements="44" coveredstatements="44" elements="49" coveredelements="49"/>
      </class>
      <line num="2" type="stmt" count="0"/>
      <line num="10" type="method" name="successMsg" visibility="public" complexity="2" crap="2" count="4"/>
      <line num="11" type="stmt" count="4"/>
      <line num="13" type="stmt" count="4"/>
      <line num="17" type="stmt" count="4"/>
      <line num="18" type="stmt" count="4"/>
      <line num="21" type="stmt" count="4"/>
      <line num="26" type="stmt" count="4"/>
      <line num="28" type="stmt" count="4"/>
      <line num="35" type="method" name="errorMsg" visibility="public" complexity="3" crap="3" count="9"/>
      <line num="36" type="stmt" count="9"/>
      <line num="38" type="stmt" count="9"/>
      <line num="42" type="stmt" count="9"/>
      <line num="43" type="stmt" count="9"/>
      <line num="46" type="stmt" count="9"/>
      <line num="53" type="stmt" count="9"/>
      <line num="56" type="stmt" count="9"/>
      <line num="63" type="method" name="registForm1" visibility="public" complexity="1" crap="1" count="2"/>
      <line num="64" type="stmt" count="2"/>
      <line num="66" type="stmt" count="2"/>
      <line num="74" type="stmt" count="2"/>
      <line num="97" type="stmt" count="2"/>
      <line num="100" type="stmt" count="2"/>
      <line num="107" type="method" name="registForm2" visibility="public" complexity="9" crap="9" count="8"/>
      <line num="108" type="stmt" count="8"/>
      <line num="110" type="stmt" count="8"/>
      <line num="116" type="stmt" count="6"/>
      <line num="118" type="stmt" count="6"/>
      <line num="119" type="stmt" count="6"/>
      <line num="122" type="stmt" count="6"/>
      <line num="124" type="stmt" count="8"/>
      <line num="133" type="stmt" count="2"/>
      <line num="165" type="stmt" count="8"/>
      <line num="175" type="stmt" count="8"/>
      <line num="178" type="stmt" count="8"/>
      <line num="180" type="method" name="loginform" visibility="public" complexity="3" crap="3" count="5"/>
      <line num="181" type="stmt" count="5"/>
      <line num="183" type="stmt" count="5"/>
      <line num="187" type="stmt" count="4"/>
      <line num="189" type="stmt" count="4"/>
      <line num="190" type="stmt" count="4"/>
      <line num="193" type="stmt" count="4"/>
      <line num="195" type="stmt" count="5"/>
      <line num="217" type="stmt" count="5"/>
      <line num="220" type="stmt" count="5"/>
      <line num="223" type="stmt" count="5"/>
      <line num="226" type="stmt" count="5"/>
      <line num="229" type="stmt" count="5"/>
      <line num="235" type="stmt" count="5"/>
      <line num="246" type="stmt" count="5"/>
      <metrics loc="247" ncloc="227" classes="1" methods="5" coveredmethods="5" conditionals="0" coveredconditionals="0" statements="45" coveredstatements="44" elements="50" coveredelements="49"/>
    </file>
    <file name="/var/www/html/uklogin/views/readme.php">
      <class name="ReadmeView" namespace="global">
        <metrics complexity="2" methods="1" coveredmethods="1" conditionals="0" coveredconditionals="0" statements="9" coveredstatements="9" elements="10" coveredelements="10"/>
      </class>
      <line num="2" type="stmt" count="0"/>
      <line num="9" type="method" name="display" visibility="public" complexity="2" crap="2" count="1"/>
      <line num="10" type="stmt" count="1"/>
      <line num="11" type="stmt" count="1"/>
      <line num="12" type="stmt" count="1"/>
      <line num="13" type="stmt" count="1"/>
      <line num="14" type="stmt" count="1"/>
      <line num="16" type="stmt" count="1"/>
      <line num="20" type="stmt" count="1"/>
      <line num="276" type="stmt" count="1"/>
      <line num="279" type="stmt" count="1"/>
      <metrics loc="283" ncloc="278" classes="1" methods="1" coveredmethods="1" conditionals="0" coveredconditionals="0" statements="10" coveredstatements="9" elements="11" coveredelements="10"/>
    </file>
    <metrics files="23" loc="3124" ncloc="2581" classes="23" methods="87" coveredmethods="39" conditionals="0" coveredconditionals="0" statements="1122" coveredstatements="968" elements="1209" coveredelements="1007"/>
  </project>
</coverage>
