<?xml version="1.0" encoding="UTF-8"?>
<coverage generated="1565336207">
  <project timestamp="1565336207">
    <file name="/var/www/html/uklogin/controllers/appregist.php">
      <class name="AppregistController" namespace="global">
        <metrics complexity="28" methods="13" coveredmethods="4" conditionals="0" coveredconditionals="0" statements="147" coveredstatements="126" elements="160" coveredelements="130"/>
      </class>
      <line num="3" type="method" name="add" visibility="public" complexity="1" crap="1" count="1"/>
      <line num="4" type="stmt" count="1"/>
      <line num="5" type="stmt" count="1"/>
      <line num="6" type="stmt" count="1"/>
      <line num="7" type="stmt" count="1"/>
      <line num="8" type="stmt" count="1"/>
      <line num="9" type="stmt" count="1"/>
      <line num="11" type="stmt" count="1"/>
      <line num="12" type="stmt" count="1"/>
      <line num="13" type="stmt" count="1"/>
      <line num="14" type="stmt" count="1"/>
      <line num="15" type="stmt" count="1"/>
      <line num="16" type="stmt" count="1"/>
      <line num="17" type="stmt" count="1"/>
      <line num="18" type="stmt" count="1"/>
      <line num="19" type="stmt" count="1"/>
      <line num="20" type="stmt" count="1"/>
      <line num="21" type="stmt" count="1"/>
      <line num="22" type="stmt" count="1"/>
      <line num="23" type="stmt" count="1"/>
      <line num="24" type="stmt" count="1"/>
      <line num="25" type="stmt" count="1"/>
      <line num="26" type="stmt" count="1"/>
      <line num="27" type="stmt" count="1"/>
      <line num="28" type="stmt" count="1"/>
      <line num="34" type="method" name="save" visibility="public" complexity="3" crap="3" count="2"/>
      <line num="36" type="stmt" count="2"/>
      <line num="39" type="stmt" count="2"/>
      <line num="40" type="stmt" count="2"/>
      <line num="42" type="stmt" count="2"/>
      <line num="43" type="stmt" count="2"/>
      <line num="44" type="stmt" count="2"/>
      <line num="45" type="stmt" count="2"/>
      <line num="46" type="stmt" count="2"/>
      <line num="47" type="stmt" count="2"/>
      <line num="48" type="stmt" count="2"/>
      <line num="49" type="stmt" count="2"/>
      <line num="50" type="stmt" count="2"/>
      <line num="51" type="stmt" count="2"/>
      <line num="52" type="stmt" count="2"/>
      <line num="53" type="stmt" count="2"/>
      <line num="54" type="stmt" count="2"/>
      <line num="55" type="stmt" count="2"/>
      <line num="56" type="stmt" count="2"/>
      <line num="58" type="stmt" count="2"/>
      <line num="59" type="stmt" count="2"/>
      <line num="60" type="stmt" count="1"/>
      <line num="61" type="stmt" count="1"/>
      <line num="62" type="stmt" count="1"/>
      <line num="64" type="stmt" count="1"/>
      <line num="67" type="stmt" count="1"/>
      <line num="68" type="stmt" count="1"/>
      <line num="70" type="stmt" count="2"/>
      <line num="76" type="method" name="remove" visibility="public" complexity="1" crap="2" count="0"/>
      <line num="78" type="stmt" count="0"/>
      <line num="81" type="stmt" count="0"/>
      <line num="82" type="stmt" count="0"/>
      <line num="88" type="method" name="adminlogin" visibility="public" complexity="1" crap="1" count="4"/>
      <line num="89" type="stmt" count="4"/>
      <line num="90" type="stmt" count="4"/>
      <line num="91" type="stmt" count="4"/>
      <line num="92" type="stmt" count="4"/>
      <line num="93" type="stmt" count="4"/>
      <line num="94" type="stmt" count="4"/>
      <line num="96" type="method" name="echoAdminForm" visibility="protected" complexity="1" crap="1" count="1"/>
      <line num="97" type="stmt" count="1"/>
      <line num="98" type="stmt" count="1"/>
      <line num="99" type="stmt" count="1"/>
      <line num="100" type="stmt" count="1"/>
      <line num="101" type="stmt" count="1"/>
      <line num="102" type="stmt" count="1"/>
      <line num="103" type="stmt" count="1"/>
      <line num="104" type="stmt" count="1"/>
      <line num="105" type="stmt" count="1"/>
      <line num="106" type="stmt" count="1"/>
      <line num="107" type="stmt" count="1"/>
      <line num="108" type="stmt" count="1"/>
      <line num="109" type="stmt" count="1"/>
      <line num="110" type="stmt" count="1"/>
      <line num="111" type="stmt" count="1"/>
      <line num="112" type="stmt" count="1"/>
      <line num="113" type="stmt" count="1"/>
      <line num="114" type="stmt" count="1"/>
      <line num="115" type="stmt" count="1"/>
      <line num="124" type="method" name="adminLoginError" visibility="protected" complexity="5" crap="5.31" count="3"/>
      <line num="126" type="stmt" count="3"/>
      <line num="127" type="stmt" count="2"/>
      <line num="129" type="stmt" count="1"/>
      <line num="131" type="stmt" count="3"/>
      <line num="132" type="stmt" count="3"/>
      <line num="133" type="stmt" count="3"/>
      <line num="134" type="stmt" count="3"/>
      <line num="135" type="stmt" count="0"/>
      <line num="136" type="stmt" count="0"/>
      <line num="138" type="stmt" count="3"/>
      <line num="139" type="stmt" count="0"/>
      <line num="141" type="stmt" count="3"/>
      <line num="143" type="stmt" count="3"/>
      <line num="151" type="method" name="doadminlogin" visibility="public" complexity="7" crap="7.02" count="4"/>
      <line num="153" type="stmt" count="4"/>
      <line num="155" type="stmt" count="4"/>
      <line num="156" type="stmt" count="4"/>
      <line num="157" type="stmt" count="0"/>
      <line num="158" type="stmt" count="0"/>
      <line num="162" type="stmt" count="4"/>
      <line num="163" type="stmt" count="4"/>
      <line num="164" type="stmt" count="4"/>
      <line num="165" type="stmt" count="4"/>
      <line num="166" type="stmt" count="4"/>
      <line num="167" type="stmt" count="4"/>
      <line num="168" type="stmt" count="3"/>
      <line num="169" type="stmt" count="3"/>
      <line num="170" type="stmt" count="3"/>
      <line num="173" type="stmt" count="1"/>
      <line num="176" type="stmt" count="1"/>
      <line num="179" type="stmt" count="1"/>
      <line num="180" type="stmt" count="1"/>
      <line num="181" type="stmt" count="1"/>
      <line num="183" type="stmt" count="3"/>
      <line num="186" type="stmt" count="1"/>
      <line num="188" type="stmt" count="4"/>
      <line num="190" type="stmt" count="3"/>
      <line num="191" type="stmt" count="3"/>
      <line num="192" type="stmt" count="3"/>
      <line num="193" type="stmt" count="3"/>
      <line num="195" type="stmt" count="4"/>
      <line num="197" type="method" name="logout" visibility="public" complexity="1" crap="2" count="0"/>
      <line num="198" type="stmt" count="0"/>
      <line num="200" type="stmt" count="0"/>
      <line num="204" type="stmt" count="0"/>
      <line num="206" type="method" name="appremove" visibility="public" complexity="4" crap="4.03" count="2"/>
      <line num="208" type="stmt" count="2"/>
      <line num="210" type="stmt" count="2"/>
      <line num="211" type="stmt" count="2"/>
      <line num="212" type="stmt" count="0"/>
      <line num="213" type="stmt" count="0"/>
      <line num="218" type="stmt" count="2"/>
      <line num="220" type="stmt" count="2"/>
      <line num="221" type="stmt" count="2"/>
      <line num="222" type="stmt" count="2"/>
      <line num="223" type="stmt" count="2"/>
      <line num="224" type="stmt" count="2"/>
      <line num="225" type="stmt" count="1"/>
      <line num="226" type="stmt" count="1"/>
      <line num="227" type="stmt" count="1"/>
      <line num="230" type="stmt" count="1"/>
      <line num="235" type="stmt" count="1"/>
      <line num="238" type="stmt" count="2"/>
      <line num="245" type="method" name="changepsw" visibility="public" complexity="1" crap="2" count="0"/>
      <line num="246" type="stmt" count="0"/>
      <line num="248" type="stmt" count="0"/>
      <line num="255" type="method" name="mydata" visibility="public" complexity="1" crap="2" count="0"/>
      <line num="256" type="stmt" count="0"/>
      <line num="258" type="stmt" count="0"/>
      <line num="265" type="method" name="deleteaccount" visibility="public" complexity="1" crap="2" count="0"/>
      <line num="266" type="stmt" count="0"/>
      <line num="268" type="stmt" count="0"/>
      <line num="275" type="method" name="forgetpsw" visibility="public" complexity="1" crap="2" count="0"/>
      <line num="276" type="stmt" count="0"/>
      <line num="278" type="stmt" count="0"/>
      <metrics loc="280" ncloc="194" classes="1" methods="13" coveredmethods="4" conditionals="0" coveredconditionals="0" statements="147" coveredstatements="126" elements="160" coveredelements="130"/>
    </file>
    <file name="/var/www/html/uklogin/controllers/browser.php">
      <class name="BrowserController" namespace="global">
        <metrics complexity="2" methods="1" coveredmethods="0" conditionals="0" coveredconditionals="0" statements="9" coveredstatements="0" elements="10" coveredelements="0"/>
      </class>
      <line num="8" type="method" name="browser" visibility="public" complexity="2" crap="6" count="0"/>
      <line num="10" type="stmt" count="0"/>
      <line num="13" type="stmt" count="0"/>
      <line num="14" type="stmt" count="0"/>
      <line num="17" type="stmt" count="0"/>
      <line num="20" type="stmt" count="0"/>
      <line num="21" type="stmt" count="0"/>
      <line num="25" type="stmt" count="0"/>
      <line num="26" type="stmt" count="0"/>
      <line num="27" type="stmt" count="0"/>
      <metrics loc="28" ncloc="13" classes="1" methods="1" coveredmethods="0" conditionals="0" coveredconditionals="0" statements="9" coveredstatements="0" elements="10" coveredelements="0"/>
    </file>
    <file name="/var/www/html/uklogin/controllers/default.php">
      <class name="DefaultController" namespace="global">
        <metrics complexity="2" methods="1" coveredmethods="0" conditionals="0" coveredconditionals="0" statements="9" coveredstatements="0" elements="10" coveredelements="0"/>
      </class>
      <line num="3" type="method" name="default" visibility="public" complexity="2" crap="6" count="0"/>
      <line num="5" type="stmt" count="0"/>
      <line num="6" type="stmt" count="0"/>
      <line num="7" type="stmt" count="0"/>
      <line num="8" type="stmt" count="0"/>
      <line num="9" type="stmt" count="0"/>
      <line num="10" type="stmt" count="0"/>
      <line num="11" type="stmt" count="0"/>
      <line num="13" type="stmt" count="0"/>
      <line num="14" type="stmt" count="0"/>
      <metrics loc="15" ncloc="11" classes="1" methods="1" coveredmethods="0" conditionals="0" coveredconditionals="0" statements="9" coveredstatements="0" elements="10" coveredelements="0"/>
    </file>
    <file name="/var/www/html/uklogin/controllers/example.php">
      <class name="ExampleController" namespace="global">
        <metrics complexity="2" methods="1" coveredmethods="0" conditionals="0" coveredconditionals="0" statements="9" coveredstatements="0" elements="10" coveredelements="0"/>
      </class>
      <line num="8" type="method" name="example" visibility="public" complexity="2" crap="6" count="0"/>
      <line num="10" type="stmt" count="0"/>
      <line num="13" type="stmt" count="0"/>
      <line num="14" type="stmt" count="0"/>
      <line num="17" type="stmt" count="0"/>
      <line num="20" type="stmt" count="0"/>
      <line num="21" type="stmt" count="0"/>
      <line num="25" type="stmt" count="0"/>
      <line num="26" type="stmt" count="0"/>
      <line num="27" type="stmt" count="0"/>
      <metrics loc="28" ncloc="13" classes="1" methods="1" coveredmethods="0" conditionals="0" coveredconditionals="0" statements="9" coveredstatements="0" elements="10" coveredelements="0"/>
    </file>
    <file name="/var/www/html/uklogin/controllers/oauth2.php">
      <class name="Oauth2Controller" namespace="global">
        <metrics complexity="122" methods="23" coveredmethods="3" conditionals="0" coveredconditionals="0" statements="457" coveredstatements="235" elements="480" coveredelements="238"/>
      </class>
      <line num="14" type="method" name="registform" visibility="public" complexity="2" crap="2" count="2"/>
      <line num="15" type="stmt" count="2"/>
      <line num="16" type="stmt" count="2"/>
      <line num="17" type="stmt" count="2"/>
      <line num="18" type="stmt" count="2"/>
      <line num="19" type="stmt" count="2"/>
      <line num="20" type="stmt" count="2"/>
      <line num="21" type="stmt" count="1"/>
      <line num="23" type="stmt" count="1"/>
      <line num="25" type="stmt" count="1"/>
      <line num="27" type="stmt" count="1"/>
      <line num="28" type="stmt" count="1"/>
      <line num="29" type="stmt" count="1"/>
      <line num="30" type="stmt" count="1"/>
      <line num="31" type="stmt" count="1"/>
      <line num="32" type="stmt" count="1"/>
      <line num="34" type="stmt" count="1"/>
      <line num="36" type="stmt" count="2"/>
      <line num="45" type="method" name="forgetpsw" visibility="public" complexity="3" crap="3.03" count="1"/>
      <line num="46" type="stmt" count="1"/>
      <line num="47" type="stmt" count="1"/>
      <line num="48" type="stmt" count="1"/>
      <line num="49" type="stmt" count="1"/>
      <line num="50" type="stmt" count="1"/>
      <line num="51" type="stmt" count="0"/>
      <line num="52" type="stmt" count="0"/>
      <line num="54" type="stmt" count="1"/>
      <line num="55" type="stmt" count="1"/>
      <line num="56" type="stmt" count="1"/>
      <line num="58" type="stmt" count="1"/>
      <line num="60" type="stmt" count="1"/>
      <line num="61" type="stmt" count="1"/>
      <line num="64" type="stmt" count="1"/>
      <line num="65" type="stmt" count="1"/>
      <line num="66" type="stmt" count="1"/>
      <line num="67" type="stmt" count="1"/>
      <line num="68" type="stmt" count="1"/>
      <line num="69" type="stmt" count="1"/>
      <line num="71" type="stmt" count="0"/>
      <line num="73" type="stmt" count="1"/>
      <line num="80" type="method" name="changepsw" visibility="public" complexity="9" crap="35.66" count="2"/>
      <line num="81" type="stmt" count="2"/>
      <line num="82" type="stmt" count="2"/>
      <line num="83" type="stmt" count="2"/>
      <line num="84" type="stmt" count="2"/>
      <line num="85" type="stmt" count="2"/>
      <line num="86" type="stmt" count="2"/>
      <line num="87" type="stmt" count="2"/>
      <line num="88" type="stmt" count="0"/>
      <line num="89" type="stmt" count="0"/>
      <line num="91" type="stmt" count="2"/>
      <line num="92" type="stmt" count="0"/>
      <line num="93" type="stmt" count="0"/>
      <line num="96" type="stmt" count="2"/>
      <line num="97" type="stmt" count="2"/>
      <line num="98" type="stmt" count="2"/>
      <line num="99" type="stmt" count="0"/>
      <line num="100" type="stmt" count="0"/>
      <line num="102" type="stmt" count="0"/>
      <line num="104" type="stmt" count="0"/>
      <line num="105" type="stmt" count="0"/>
      <line num="106" type="stmt" count="0"/>
      <line num="109" type="stmt" count="0"/>
      <line num="110" type="stmt" count="0"/>
      <line num="111" type="stmt" count="0"/>
      <line num="112" type="stmt" count="0"/>
      <line num="113" type="stmt" count="0"/>
      <line num="114" type="stmt" count="0"/>
      <line num="115" type="stmt" count="0"/>
      <line num="116" type="stmt" count="0"/>
      <line num="117" type="stmt" count="0"/>
      <line num="120" type="stmt" count="0"/>
      <line num="121" type="stmt" count="0"/>
      <line num="122" type="stmt" count="0"/>
      <line num="123" type="stmt" count="0"/>
      <line num="125" type="stmt" count="0"/>
      <line num="126" type="stmt" count="0"/>
      <line num="127" type="stmt" count="0"/>
      <line num="128" type="stmt" count="0"/>
      <line num="129" type="stmt" count="0"/>
      <line num="131" type="stmt" count="0"/>
      <line num="135" type="stmt" count="2"/>
      <line num="138" type="stmt" count="2"/>
      <line num="145" type="method" name="mydata" visibility="public" complexity="8" crap="72" count="0"/>
      <line num="146" type="stmt" count="0"/>
      <line num="147" type="stmt" count="0"/>
      <line num="148" type="stmt" count="0"/>
      <line num="149" type="stmt" count="0"/>
      <line num="150" type="stmt" count="0"/>
      <line num="151" type="stmt" count="0"/>
      <line num="152" type="stmt" count="0"/>
      <line num="153" type="stmt" count="0"/>
      <line num="154" type="stmt" count="0"/>
      <line num="156" type="stmt" count="0"/>
      <line num="157" type="stmt" count="0"/>
      <line num="158" type="stmt" count="0"/>
      <line num="161" type="stmt" count="0"/>
      <line num="162" type="stmt" count="0"/>
      <line num="163" type="stmt" count="0"/>
      <line num="164" type="stmt" count="0"/>
      <line num="165" type="stmt" count="0"/>
      <line num="168" type="stmt" count="0"/>
      <line num="169" type="stmt" count="0"/>
      <line num="170" type="stmt" count="0"/>
      <line num="171" type="stmt" count="0"/>
      <line num="173" type="stmt" count="0"/>
      <line num="174" type="stmt" count="0"/>
      <line num="175" type="stmt" count="0"/>
      <line num="176" type="stmt" count="0"/>
      <line num="177" type="stmt" count="0"/>
      <line num="179" type="stmt" count="0"/>
      <line num="183" type="stmt" count="0"/>
      <line num="186" type="stmt" count="0"/>
      <line num="193" type="method" name="pdf" visibility="public" complexity="1" crap="2" count="0"/>
      <line num="194" type="stmt" count="0"/>
      <line num="195" type="stmt" count="0"/>
      <line num="197" type="stmt" count="0"/>
      <line num="198" type="stmt" count="0"/>
      <line num="199" type="stmt" count="0"/>
      <line num="200" type="stmt" count="0"/>
      <line num="201" type="stmt" count="0"/>
      <line num="202" type="stmt" count="0"/>
      <line num="210" type="method" name="parsePdf" visibility="protected" complexity="2" crap="2.02" count="1"/>
      <line num="211" type="stmt" count="1"/>
      <line num="212" type="stmt" count="1"/>
      <line num="213" type="stmt" count="1"/>
      <line num="214" type="stmt" count="1"/>
      <line num="215" type="stmt" count="0"/>
      <line num="217" type="stmt" count="1"/>
      <line num="226" type="method" name="checkPdfSig" visibility="protected" complexity="11" crap="39.20" count="1"/>
      <line num="227" type="stmt" count="1"/>
      <line num="228" type="stmt" count="1"/>
      <line num="229" type="stmt" count="1"/>
      <line num="230" type="stmt" count="1"/>
      <line num="231" type="stmt" count="1"/>
      <line num="232" type="stmt" count="1"/>
      <line num="234" type="stmt" count="0"/>
      <line num="235" type="stmt" count="0"/>
      <line num="236" type="stmt" count="0"/>
      <line num="237" type="stmt" count="0"/>
      <line num="238" type="stmt" count="0"/>
      <line num="239" type="stmt" count="0"/>
      <line num="240" type="stmt" count="0"/>
      <line num="242" type="stmt" count="0"/>
      <line num="243" type="stmt" count="0"/>
      <line num="246" type="stmt" count="0"/>
      <line num="247" type="stmt" count="0"/>
      <line num="248" type="stmt" count="0"/>
      <line num="250" type="stmt" count="0"/>
      <line num="253" type="stmt" count="1"/>
      <line num="254" type="stmt" count="0"/>
      <line num="256" type="stmt" count="1"/>
      <line num="257" type="stmt" count="0"/>
      <line num="259" type="stmt" count="1"/>
      <line num="260" type="stmt" count="0"/>
      <line num="263" type="stmt" count="1"/>
      <line num="271" type="method" name="extractIgazolasFromPdf" visibility="protected" complexity="2" crap="2.03" count="1"/>
      <line num="272" type="stmt" count="1"/>
      <line num="273" type="stmt" count="1"/>
      <line num="274" type="stmt" count="1"/>
      <line num="276" type="stmt" count="0"/>
      <line num="278" type="stmt" count="1"/>
      <line num="285" type="method" name="extractMeghatalmazoFromIgazolas" visibility="protected" complexity="2" crap="2.03" count="1"/>
      <line num="286" type="stmt" count="1"/>
      <line num="287" type="stmt" count="1"/>
      <line num="288" type="stmt" count="1"/>
      <line num="289" type="stmt" count="0"/>
      <line num="291" type="stmt" count="1"/>
      <line num="300" type="method" name="processUploadedFile" visibility="protected" complexity="8" crap="8.21" count="1"/>
      <line num="301" type="stmt" count="1"/>
      <line num="302" type="stmt" count="1"/>
      <line num="303" type="stmt" count="1"/>
      <line num="304" type="stmt" count="1"/>
      <line num="305" type="stmt" count="1"/>
      <line num="308" type="stmt" count="1"/>
      <line num="311" type="stmt" count="1"/>
      <line num="313" type="stmt" count="1"/>
      <line num="314" type="stmt" count="1"/>
      <line num="317" type="stmt" count="1"/>
      <line num="318" type="stmt" count="1"/>
      <line num="321" type="stmt" count="1"/>
      <line num="322" type="stmt" count="0"/>
      <line num="323" type="stmt" count="0"/>
      <line num="324" type="stmt" count="0"/>
      <line num="327" type="stmt" count="1"/>
      <line num="329" type="stmt" count="1"/>
      <line num="330" type="stmt" count="1"/>
      <line num="331" type="stmt" count="1"/>
      <line num="332" type="stmt" count="1"/>
      <line num="333" type="stmt" count="1"/>
      <line num="334" type="stmt" count="1"/>
      <line num="336" type="stmt" count="1"/>
      <line num="337" type="stmt" count="0"/>
      <line num="339" type="stmt" count="1"/>
      <line num="341" type="stmt" count="1"/>
      <line num="343" type="stmt" count="1"/>
      <line num="353" type="method" name="getSignHash" visibility="public" complexity="3" crap="3.01" count="2"/>
      <line num="354" type="stmt" count="2"/>
      <line num="355" type="stmt" count="2"/>
      <line num="356" type="stmt" count="2"/>
      <line num="357" type="stmt" count="2"/>
      <line num="358" type="stmt" count="1"/>
      <line num="360" type="stmt" count="1"/>
      <line num="361" type="stmt" count="1"/>
      <line num="362" type="stmt" count="1"/>
      <line num="364" type="stmt" count="0"/>
      <line num="367" type="stmt" count="2"/>
      <line num="376" type="method" name="checkSignHashExist" visibility="public" complexity="2" crap="2.03" count="1"/>
      <line num="377" type="stmt" count="1"/>
      <line num="378" type="stmt" count="1"/>
      <line num="379" type="stmt" count="1"/>
      <line num="380" type="stmt" count="1"/>
      <line num="381" type="stmt" count="1"/>
      <line num="382" type="stmt" count="1"/>
      <line num="383" type="stmt" count="1"/>
      <line num="384" type="stmt" count="0"/>
      <line num="385" type="stmt" count="0"/>
      <line num="387" type="stmt" count="1"/>
      <line num="394" type="method" name="clearFolder" visibility="protected" complexity="4" crap="4.59" count="2"/>
      <line num="395" type="stmt" count="2"/>
      <line num="396" type="stmt" count="2"/>
      <line num="397" type="stmt" count="2"/>
      <line num="398" type="stmt" count="0"/>
      <line num="399" type="stmt" count="0"/>
      <line num="403" type="stmt" count="2"/>
      <line num="408" type="method" name="createWorkDir" visibility="protected" complexity="2" crap="2" count="2"/>
      <line num="409" type="stmt" count="2"/>
      <line num="410" type="stmt" count="2"/>
      <line num="411" type="stmt" count="2"/>
      <line num="412" type="stmt" count="2"/>
      <line num="414" type="stmt" count="2"/>
      <line num="426" type="method" name="registform2" visibility="public" complexity="13" crap="13.46" count="2"/>
      <line num="427" type="stmt" count="2"/>
      <line num="428" type="stmt" count="2"/>
      <line num="429" type="stmt" count="2"/>
      <line num="430" type="stmt" count="2"/>
      <line num="431" type="stmt" count="2"/>
      <line num="432" type="stmt" count="2"/>
      <line num="433" type="stmt" count="2"/>
      <line num="434" type="stmt" count="2"/>
      <line num="435" type="stmt" count="0"/>
      <line num="437" type="stmt" count="2"/>
      <line num="438" type="stmt" count="2"/>
      <line num="439" type="stmt" count="1"/>
      <line num="440" type="stmt" count="1"/>
      <line num="441" type="stmt" count="1"/>
      <line num="445" type="stmt" count="2"/>
      <line num="448" type="stmt" count="2"/>
      <line num="451" type="stmt" count="2"/>
      <line num="455" type="stmt" count="2"/>
      <line num="457" type="stmt" count="2"/>
      <line num="459" type="stmt" count="1"/>
      <line num="460" type="stmt" count="1"/>
      <line num="461" type="stmt" count="0"/>
      <line num="463" type="stmt" count="1"/>
      <line num="465" type="stmt" count="1"/>
      <line num="468" type="stmt" count="2"/>
      <line num="469" type="stmt" count="1"/>
      <line num="470" type="stmt" count="1"/>
      <line num="471" type="stmt" count="0"/>
      <line num="475" type="stmt" count="2"/>
      <line num="477" type="stmt" count="0"/>
      <line num="478" type="stmt" count="0"/>
      <line num="479" type="stmt" count="0"/>
      <line num="484" type="stmt" count="2"/>
      <line num="485" type="stmt" count="2"/>
      <line num="487" type="stmt" count="2"/>
      <line num="489" type="stmt" count="1"/>
      <line num="490" type="stmt" count="1"/>
      <line num="491" type="stmt" count="1"/>
      <line num="492" type="stmt" count="1"/>
      <line num="493" type="stmt" count="1"/>
      <line num="494" type="stmt" count="1"/>
      <line num="495" type="stmt" count="1"/>
      <line num="496" type="stmt" count="1"/>
      <line num="497" type="stmt" count="1"/>
      <line num="498" type="stmt" count="0"/>
      <line num="500" type="stmt" count="1"/>
      <line num="501" type="stmt" count="1"/>
      <line num="502" type="stmt" count="1"/>
      <line num="503" type="stmt" count="1"/>
      <line num="505" type="stmt" count="2"/>
      <line num="516" type="method" name="recallRegistForm2" visibility="protected" complexity="3" crap="12" count="0"/>
      <line num="517" type="stmt" count="0"/>
      <line num="518" type="stmt" count="0"/>
      <line num="519" type="stmt" count="0"/>
      <line num="521" type="stmt" count="0"/>
      <line num="522" type="stmt" count="0"/>
      <line num="523" type="stmt" count="0"/>
      <line num="524" type="stmt" count="0"/>
      <line num="525" type="stmt" count="0"/>
      <line num="526" type="stmt" count="0"/>
      <line num="527" type="stmt" count="0"/>
      <line num="528" type="stmt" count="0"/>
      <line num="529" type="stmt" count="0"/>
      <line num="531" type="stmt" count="0"/>
      <line num="532" type="stmt" count="0"/>
      <line num="534" type="stmt" count="0"/>
      <line num="535" type="stmt" count="0"/>
      <line num="543" type="method" name="doregist" visibility="public" complexity="10" crap="110" count="0"/>
      <line num="544" type="stmt" count="0"/>
      <line num="545" type="stmt" count="0"/>
      <line num="546" type="stmt" count="0"/>
      <line num="549" type="stmt" count="0"/>
      <line num="552" type="stmt" count="0"/>
      <line num="553" type="stmt" count="0"/>
      <line num="554" type="stmt" count="0"/>
      <line num="556" type="stmt" count="0"/>
      <line num="558" type="stmt" count="0"/>
      <line num="559" type="stmt" count="0"/>
      <line num="560" type="stmt" count="0"/>
      <line num="563" type="stmt" count="0"/>
      <line num="564" type="stmt" count="0"/>
      <line num="566" type="stmt" count="0"/>
      <line num="570" type="stmt" count="0"/>
      <line num="571" type="stmt" count="0"/>
      <line num="572" type="stmt" count="0"/>
      <line num="573" type="stmt" count="0"/>
      <line num="574" type="stmt" count="0"/>
      <line num="577" type="stmt" count="0"/>
      <line num="580" type="stmt" count="0"/>
      <line num="581" type="stmt" count="0"/>
      <line num="582" type="stmt" count="0"/>
      <line num="583" type="stmt" count="0"/>
      <line num="584" type="stmt" count="0"/>
      <line num="585" type="stmt" count="0"/>
      <line num="586" type="stmt" count="0"/>
      <line num="588" type="stmt" count="0"/>
      <line num="589" type="stmt" count="0"/>
      <line num="591" type="stmt" count="0"/>
      <line num="592" type="stmt" count="0"/>
      <line num="593" type="stmt" count="0"/>
      <line num="594" type="stmt" count="0"/>
      <line num="596" type="stmt" count="0"/>
      <line num="597" type="stmt" count="0"/>
      <line num="598" type="stmt" count="0"/>
      <line num="599" type="stmt" count="0"/>
      <line num="600" type="stmt" count="0"/>
      <line num="601" type="stmt" count="0"/>
      <line num="602" type="stmt" count="0"/>
      <line num="603" type="stmt" count="0"/>
      <line num="604" type="stmt" count="0"/>
      <line num="605" type="stmt" count="0"/>
      <line num="606" type="stmt" count="0"/>
      <line num="607" type="stmt" count="0"/>
      <line num="609" type="stmt" count="0"/>
      <line num="610" type="stmt" count="0"/>
      <line num="612" type="stmt" count="0"/>
      <line num="613" type="stmt" count="0"/>
      <line num="615" type="stmt" count="0"/>
      <line num="618" type="stmt" count="0"/>
      <line num="625" type="method" name="loginform" visibility="public" complexity="6" crap="6.15" count="2"/>
      <line num="626" type="stmt" count="2"/>
      <line num="627" type="stmt" count="2"/>
      <line num="628" type="stmt" count="2"/>
      <line num="629" type="stmt" count="2"/>
      <line num="630" type="stmt" count="2"/>
      <line num="631" type="stmt" count="1"/>
      <line num="632" type="stmt" count="1"/>
      <line num="633" type="stmt" count="1"/>
      <line num="636" type="stmt" count="1"/>
      <line num="637" type="stmt" count="1"/>
      <line num="638" type="stmt" count="0"/>
      <line num="639" type="stmt" count="0"/>
      <line num="642" type="stmt" count="1"/>
      <line num="643" type="stmt" count="0"/>
      <line num="644" type="stmt" count="0"/>
      <line num="647" type="stmt" count="1"/>
      <line num="649" type="stmt" count="1"/>
      <line num="650" type="stmt" count="1"/>
      <line num="651" type="stmt" count="1"/>
      <line num="652" type="stmt" count="1"/>
      <line num="653" type="stmt" count="1"/>
      <line num="654" type="stmt" count="1"/>
      <line num="655" type="stmt" count="1"/>
      <line num="657" type="stmt" count="1"/>
      <line num="659" type="stmt" count="2"/>
      <line num="669" type="method" name="recallLoginForm" visibility="protected" complexity="1" crap="1" count="3"/>
      <line num="670" type="stmt" count="3"/>
      <line num="671" type="stmt" count="3"/>
      <line num="672" type="stmt" count="3"/>
      <line num="673" type="stmt" count="3"/>
      <line num="674" type="stmt" count="3"/>
      <line num="675" type="stmt" count="3"/>
      <line num="676" type="stmt" count="3"/>
      <line num="677" type="stmt" count="3"/>
      <line num="678" type="stmt" count="3"/>
      <line num="679" type="stmt" count="3"/>
      <line num="688" type="method" name="getCallbackUrl" visibility="protected" complexity="10" crap="110" count="0"/>
      <line num="689" type="stmt" count="0"/>
      <line num="690" type="stmt" count="0"/>
      <line num="691" type="stmt" count="0"/>
      <line num="693" type="stmt" count="0"/>
      <line num="695" type="stmt" count="0"/>
      <line num="697" type="stmt" count="0"/>
      <line num="698" type="stmt" count="0"/>
      <line num="699" type="stmt" count="0"/>
      <line num="700" type="stmt" count="0"/>
      <line num="701" type="stmt" count="0"/>
      <line num="703" type="stmt" count="0"/>
      <line num="705" type="stmt" count="0"/>
      <line num="706" type="stmt" count="0"/>
      <line num="707" type="stmt" count="0"/>
      <line num="711" type="stmt" count="0"/>
      <line num="720" type="method" name="dologin" visibility="public" complexity="8" crap="24.32" count="3"/>
      <line num="722" type="stmt" count="3"/>
      <line num="724" type="stmt" count="3"/>
      <line num="725" type="stmt" count="3"/>
      <line num="726" type="stmt" count="3"/>
      <line num="727" type="stmt" count="3"/>
      <line num="728" type="stmt" count="3"/>
      <line num="729" type="stmt" count="3"/>
      <line num="730" type="stmt" count="3"/>
      <line num="731" type="stmt" count="3"/>
      <line num="732" type="stmt" count="3"/>
      <line num="734" type="stmt" count="0"/>
      <line num="737" type="stmt" count="3"/>
      <line num="738" type="stmt" count="0"/>
      <line num="740" type="stmt" count="0"/>
      <line num="741" type="stmt" count="0"/>
      <line num="742" type="stmt" count="0"/>
      <line num="744" type="stmt" count="0"/>
      <line num="745" type="stmt" count="0"/>
      <line num="746" type="stmt" count="0"/>
      <line num="747" type="stmt" count="0"/>
      <line num="748" type="stmt" count="0"/>
      <line num="749" type="stmt" count="0"/>
      <line num="751" type="stmt" count="0"/>
      <line num="752" type="stmt" count="0"/>
      <line num="753" type="stmt" count="0"/>
      <line num="755" type="stmt" count="0"/>
      <line num="756" type="stmt" count="0"/>
      <line num="760" type="stmt" count="0"/>
      <line num="761" type="stmt" count="0"/>
      <line num="762" type="stmt" count="0"/>
      <line num="763" type="stmt" count="0"/>
      <line num="765" type="stmt" count="0"/>
      <line num="766" type="stmt" count="0"/>
      <line num="767" type="stmt" count="0"/>
      <line num="768" type="stmt" count="0"/>
      <line num="769" type="stmt" count="0"/>
      <line num="771" type="stmt" count="0"/>
      <line num="776" type="stmt" count="3"/>
      <line num="778" type="stmt" count="3"/>
      <line num="779" type="stmt" count="3"/>
      <line num="781" type="stmt" count="3"/>
      <line num="790" type="method" name="access_token" visibility="public" complexity="9" crap="9.43" count="1"/>
      <line num="791" type="stmt" count="1"/>
      <line num="792" type="stmt" count="1"/>
      <line num="793" type="stmt" count="1"/>
      <line num="794" type="stmt" count="1"/>
      <line num="795" type="stmt" count="1"/>
      <line num="796" type="stmt" count="1"/>
      <line num="798" type="stmt" count="1"/>
      <line num="799" type="stmt" count="0"/>
      <line num="801" type="stmt" count="1"/>
      <line num="802" type="stmt" count="0"/>
      <line num="805" type="stmt" count="1"/>
      <line num="807" type="stmt" count="1"/>
      <line num="808" type="stmt" count="0"/>
      <line num="811" type="stmt" count="1"/>
      <line num="812" type="stmt" count="1"/>
      <line num="813" type="stmt" count="1"/>
      <line num="814" type="stmt" count="1"/>
      <line num="815" type="stmt" count="1"/>
      <line num="817" type="stmt" count="1"/>
      <line num="818" type="stmt" count="1"/>
      <line num="820" type="stmt" count="1"/>
      <line num="823" type="stmt" count="0"/>
      <line num="825" type="stmt" count="1"/>
      <line num="834" type="method" name="userinfo" visibility="public" complexity="3" crap="3.10" count="1"/>
      <line num="835" type="stmt" count="1"/>
      <line num="836" type="stmt" count="1"/>
      <line num="837" type="stmt" count="1"/>
      <line num="839" type="stmt" count="1"/>
      <line num="840" type="stmt" count="0"/>
      <line num="842" type="stmt" count="1"/>
      <line num="843" type="stmt" count="1"/>
      <line num="845" type="stmt" count="0"/>
      <line num="847" type="stmt" count="1"/>
      <metrics loc="850" ncloc="612" classes="1" methods="23" coveredmethods="3" conditionals="0" coveredconditionals="0" statements="457" coveredstatements="235" elements="480" coveredelements="238"/>
    </file>
    <file name="/var/www/html/uklogin/controllers/readme.php">
      <class name="ReadmeController" namespace="global">
        <metrics complexity="2" methods="1" coveredmethods="0" conditionals="0" coveredconditionals="0" statements="9" coveredstatements="0" elements="10" coveredelements="0"/>
      </class>
      <line num="3" type="method" name="show" visibility="public" complexity="2" crap="6" count="0"/>
      <line num="5" type="stmt" count="0"/>
      <line num="6" type="stmt" count="0"/>
      <line num="8" type="stmt" count="0"/>
      <line num="9" type="stmt" count="0"/>
      <line num="10" type="stmt" count="0"/>
      <line num="11" type="stmt" count="0"/>
      <line num="12" type="stmt" count="0"/>
      <line num="14" type="stmt" count="0"/>
      <line num="16" type="stmt" count="0"/>
      <metrics loc="17" ncloc="11" classes="1" methods="1" coveredmethods="0" conditionals="0" coveredconditionals="0" statements="9" coveredstatements="0" elements="10" coveredelements="0"/>
    </file>
    <file name="/var/www/html/uklogin/models/appregist.php">
      <class name="AppregistModel" namespace="global">
        <metrics complexity="54" methods="10" coveredmethods="5" conditionals="0" coveredconditionals="0" statements="127" coveredstatements="117" elements="137" coveredelements="122"/>
      </class>
      <line num="4" type="stmt" count="0"/>
      <line num="5" type="stmt" count="0"/>
      <line num="6" type="stmt" count="0"/>
      <line num="7" type="stmt" count="0"/>
      <line num="8" type="stmt" count="0"/>
      <line num="10" type="stmt" count="0"/>
      <line num="14" type="method" name="__construct" complexity="1" crap="1" count="21"/>
      <line num="15" type="stmt" count="21"/>
      <line num="16" type="stmt" count="21"/>
      <line num="35" type="stmt" count="21"/>
      <line num="42" type="method" name="getData" visibility="public" complexity="2" crap="2" count="19"/>
      <line num="43" type="stmt" count="19"/>
      <line num="44" type="stmt" count="19"/>
      <line num="45" type="stmt" count="19"/>
      <line num="46" type="stmt" count="19"/>
      <line num="47" type="stmt" count="19"/>
      <line num="48" type="stmt" count="14"/>
      <line num="50" type="stmt" count="5"/>
      <line num="59" type="method" name="url_exists" visibility="protected" complexity="3" crap="3" count="10"/>
      <line num="60" type="stmt" count="10"/>
      <line num="61" type="stmt" count="10"/>
      <line num="62" type="stmt" count="4"/>
      <line num="64" type="stmt" count="6"/>
      <line num="66" type="stmt" count="10"/>
      <line num="79" type="method" name="check" visibility="public" complexity="22" crap="22" count="21"/>
      <line num="80" type="stmt" count="21"/>
      <line num="81" type="stmt" count="21"/>
      <line num="82" type="stmt" count="21"/>
      <line num="83" type="stmt" count="21"/>
      <line num="84" type="stmt" count="21"/>
      <line num="85" type="stmt" count="1"/>
      <line num="87" type="stmt" count="21"/>
      <line num="88" type="stmt" count="2"/>
      <line num="90" type="stmt" count="21"/>
      <line num="91" type="stmt" count="3"/>
      <line num="93" type="stmt" count="21"/>
      <line num="94" type="stmt" count="7"/>
      <line num="96" type="stmt" count="21"/>
      <line num="97" type="stmt" count="19"/>
      <line num="98" type="stmt" count="19"/>
      <line num="99" type="stmt" count="19"/>
      <line num="100" type="stmt" count="1"/>
      <line num="103" type="stmt" count="21"/>
      <line num="104" type="stmt" count="1"/>
      <line num="106" type="stmt" count="21"/>
      <line num="107" type="stmt" count="1"/>
      <line num="108" type="stmt" count="20"/>
      <line num="109" type="stmt" count="10"/>
      <line num="111" type="stmt" count="6"/>
      <line num="112" type="stmt" count="0"/>
      <line num="113" type="stmt" count="6"/>
      <line num="116" type="stmt" count="4"/>
      <line num="118" type="stmt" count="10"/>
      <line num="119" type="stmt" count="6"/>
      <line num="120" type="stmt" count="6"/>
      <line num="121" type="stmt" count="6"/>
      <line num="124" type="stmt" count="4"/>
      <line num="127" type="stmt" count="21"/>
      <line num="136" type="method" name="checkNoEmpty" visibility="protected" complexity="10" crap="10" count="21"/>
      <line num="137" type="stmt" count="21"/>
      <line num="138" type="stmt" count="2"/>
      <line num="140" type="stmt" count="21"/>
      <line num="141" type="stmt" count="5"/>
      <line num="143" type="stmt" count="21"/>
      <line num="144" type="stmt" count="1"/>
      <line num="146" type="stmt" count="21"/>
      <line num="147" type="stmt" count="1"/>
      <line num="149" type="stmt" count="21"/>
      <line num="150" type="stmt" count="1"/>
      <line num="152" type="stmt" count="21"/>
      <line num="153" type="stmt" count="1"/>
      <line num="155" type="stmt" count="21"/>
      <line num="156" type="stmt" count="1"/>
      <line num="158" type="stmt" count="21"/>
      <line num="159" type="stmt" count="1"/>
      <line num="161" type="stmt" count="21"/>
      <line num="167" type="method" name="adjustData" visibility="protected" complexity="4" crap="4.07" count="3"/>
      <line num="168" type="stmt" count="3"/>
      <line num="169" type="stmt" count="3"/>
      <line num="171" type="stmt" count="3"/>
      <line num="172" type="stmt" count="3"/>
      <line num="173" type="stmt" count="3"/>
      <line num="174" type="stmt" count="3"/>
      <line num="175" type="stmt" count="3"/>
      <line num="176" type="stmt" count="3"/>
      <line num="177" type="stmt" count="0"/>
      <line num="179" type="stmt" count="3"/>
      <line num="180" type="stmt" count="0"/>
      <line num="182" type="stmt" count="3"/>
      <line num="191" type="method" name="updateAfterInsert" visibility="protected" complexity="2" crap="2.00" count="2"/>
      <line num="192" type="stmt" count="2"/>
      <line num="193" type="stmt" count="2"/>
      <line num="194" type="stmt" count="2"/>
      <line num="195" type="stmt" count="2"/>
      <line num="196" type="stmt" count="2"/>
      <line num="197" type="stmt" count="2"/>
      <line num="198" type="stmt" count="2"/>
      <line num="199" type="stmt" count="2"/>
      <line num="200" type="stmt" count="2"/>
      <line num="201" type="stmt" count="0"/>
      <line num="203" type="stmt" count="2"/>
      <line num="215" type="method" name="save" visibility="public" complexity="7" crap="7" count="5"/>
      <line num="216" type="stmt" count="5"/>
      <line num="217" type="stmt" count="5"/>
      <line num="218" type="stmt" count="5"/>
      <line num="219" type="stmt" count="5"/>
      <line num="220" type="stmt" count="3"/>
      <line num="221" type="stmt" count="3"/>
      <line num="222" type="stmt" count="2"/>
      <line num="223" type="stmt" count="2"/>
      <line num="225" type="stmt" count="2"/>
      <line num="226" type="stmt" count="2"/>
      <line num="227" type="stmt" count="2"/>
      <line num="228" type="stmt" count="2"/>
      <line num="231" type="stmt" count="2"/>
      <line num="235" type="stmt" count="1"/>
      <line num="236" type="stmt" count="1"/>
      <line num="237" type="stmt" count="1"/>
      <line num="238" type="stmt" count="1"/>
      <line num="239" type="stmt" count="0"/>
      <line num="243" type="stmt" count="5"/>
      <line num="244" type="stmt" count="5"/>
      <line num="245" type="stmt" count="3"/>
      <line num="246" type="stmt" count="3"/>
      <line num="247" type="stmt" count="3"/>
      <line num="250" type="stmt" count="2"/>
      <line num="252" type="stmt" count="5"/>
      <line num="260" type="method" name="remove" visibility="public" complexity="2" crap="2" count="3"/>
      <line num="261" type="stmt" count="3"/>
      <line num="262" type="stmt" count="3"/>
      <line num="263" type="stmt" count="3"/>
      <line num="264" type="stmt" count="3"/>
      <line num="265" type="stmt" count="3"/>
      <line num="266" type="stmt" count="2"/>
      <line num="267" type="stmt" count="2"/>
      <line num="269" type="stmt" count="1"/>
      <line num="271" type="stmt" count="3"/>
      <line num="279" type="method" name="update" visibility="public" complexity="1" crap="2" count="0"/>
      <line num="280" type="stmt" count="0"/>
      <line num="281" type="stmt" count="0"/>
      <line num="282" type="stmt" count="0"/>
      <line num="283" type="stmt" count="0"/>
      <line num="284" type="stmt" count="0"/>
      <metrics loc="286" ncloc="221" classes="1" methods="10" coveredmethods="5" conditionals="0" coveredconditionals="0" statements="133" coveredstatements="117" elements="143" coveredelements="122"/>
    </file>
    <file name="/var/www/html/uklogin/models/browser.php">
      <class name="BrowserModel" namespace="global">
        <metrics complexity="2" methods="1" coveredmethods="0" conditionals="0" coveredconditionals="0" statements="6" coveredstatements="0" elements="7" coveredelements="0"/>
      </class>
      <line num="9" type="method" name="getData" visibility="public" complexity="2" crap="6" count="0"/>
      <line num="10" type="stmt" count="0"/>
      <line num="11" type="stmt" count="0"/>
      <line num="12" type="stmt" count="0"/>
      <line num="13" type="stmt" count="0"/>
      <line num="14" type="stmt" count="0"/>
      <line num="16" type="stmt" count="0"/>
      <metrics loc="19" ncloc="12" classes="1" methods="1" coveredmethods="0" conditionals="0" coveredconditionals="0" statements="6" coveredstatements="0" elements="7" coveredelements="0"/>
    </file>
    <file name="/var/www/html/uklogin/models/example.php">
      <class name="ExampleModel" namespace="global">
        <metrics complexity="2" methods="1" coveredmethods="0" conditionals="0" coveredconditionals="0" statements="6" coveredstatements="0" elements="7" coveredelements="0"/>
      </class>
      <line num="9" type="method" name="getData" visibility="public" complexity="2" crap="6" count="0"/>
      <line num="10" type="stmt" count="0"/>
      <line num="11" type="stmt" count="0"/>
      <line num="12" type="stmt" count="0"/>
      <line num="13" type="stmt" count="0"/>
      <line num="14" type="stmt" count="0"/>
      <line num="16" type="stmt" count="0"/>
      <metrics loc="19" ncloc="12" classes="1" methods="1" coveredmethods="0" conditionals="0" coveredconditionals="0" statements="6" coveredstatements="0" elements="7" coveredelements="0"/>
    </file>
    <file name="/var/www/html/uklogin/models/hack.php">
      <class name="HackModel" namespace="global">
        <metrics complexity="7" methods="4" coveredmethods="3" conditionals="0" coveredconditionals="0" statements="26" coveredstatements="25" elements="30" coveredelements="28"/>
      </class>
      <line num="4" type="method" name="__construct" complexity="1" crap="1" count="6"/>
      <line num="5" type="stmt" count="6"/>
      <line num="6" type="stmt" count="6"/>
      <line num="13" type="stmt" count="6"/>
      <line num="15" type="method" name="checkEnabled" visibility="public" complexity="3" crap="3.02" count="6"/>
      <line num="16" type="stmt" count="6"/>
      <line num="17" type="stmt" count="6"/>
      <line num="18" type="stmt" count="6"/>
      <line num="19" type="stmt" count="6"/>
      <line num="20" type="stmt" count="6"/>
      <line num="21" type="stmt" count="3"/>
      <line num="22" type="stmt" count="0"/>
      <line num="25" type="stmt" count="6"/>
      <line num="28" type="method" name="ipAddError" visibility="public" complexity="2" crap="2" count="3"/>
      <line num="29" type="stmt" count="3"/>
      <line num="30" type="stmt" count="3"/>
      <line num="31" type="stmt" count="3"/>
      <line num="32" type="stmt" count="3"/>
      <line num="33" type="stmt" count="2"/>
      <line num="34" type="stmt" count="2"/>
      <line num="36" type="stmt" count="1"/>
      <line num="37" type="stmt" count="1"/>
      <line num="38" type="stmt" count="1"/>
      <line num="39" type="stmt" count="1"/>
      <line num="41" type="stmt" count="3"/>
      <line num="43" type="method" name="ipEnable" visibility="public" complexity="1" crap="1" count="3"/>
      <line num="44" type="stmt" count="3"/>
      <line num="45" type="stmt" count="3"/>
      <line num="46" type="stmt" count="3"/>
      <line num="47" type="stmt" count="3"/>
      <metrics loc="49" ncloc="47" classes="1" methods="4" coveredmethods="3" conditionals="0" coveredconditionals="0" statements="26" coveredstatements="25" elements="30" coveredelements="28"/>
    </file>
    <file name="/var/www/html/uklogin/models/oauth2.php">
      <class name="Oauth2Model" namespace="global">
        <metrics complexity="23" methods="10" coveredmethods="1" conditionals="0" coveredconditionals="0" statements="86" coveredstatements="41" elements="96" coveredelements="42"/>
      </class>
      <line num="4" type="method" name="__construct" complexity="1" crap="1" count="9"/>
      <line num="5" type="stmt" count="9"/>
      <line num="6" type="stmt" count="9"/>
      <line num="26" type="stmt" count="9"/>
      <line num="27" type="stmt" count="9"/>
      <line num="29" type="stmt" count="9"/>
      <line num="32" type="stmt" count="9"/>
      <line num="33" type="stmt" count="9"/>
      <line num="35" type="stmt" count="9"/>
      <line num="37" type="stmt" count="9"/>
      <line num="44" type="method" name="strToHex" visibility="protected" complexity="2" crap="6" count="0"/>
      <line num="45" type="stmt" count="0"/>
      <line num="46" type="stmt" count="0"/>
      <line num="47" type="stmt" count="0"/>
      <line num="48" type="stmt" count="0"/>
      <line num="49" type="stmt" count="0"/>
      <line num="51" type="stmt" count="0"/>
      <line num="58" type="method" name="getUserByNick" visibility="public" complexity="2" crap="2.01" count="5"/>
      <line num="59" type="stmt" count="5"/>
      <line num="60" type="stmt" count="5"/>
      <line num="61" type="stmt" count="5"/>
      <line num="62" type="stmt" count="5"/>
      <line num="63" type="stmt" count="5"/>
      <line num="64" type="stmt" count="5"/>
      <line num="65" type="stmt" count="0"/>
      <line num="67" type="stmt" count="5"/>
      <line num="76" type="method" name="getUserBySignHash" visibility="public" complexity="2" crap="2.01" count="1"/>
      <line num="77" type="stmt" count="1"/>
      <line num="78" type="stmt" count="1"/>
      <line num="79" type="stmt" count="1"/>
      <line num="80" type="stmt" count="1"/>
      <line num="81" type="stmt" count="1"/>
      <line num="82" type="stmt" count="1"/>
      <line num="83" type="stmt" count="0"/>
      <line num="85" type="stmt" count="1"/>
      <line num="94" type="method" name="getUserByCode" visibility="public" complexity="2" crap="2.01" count="1"/>
      <line num="95" type="stmt" count="1"/>
      <line num="96" type="stmt" count="1"/>
      <line num="97" type="stmt" count="1"/>
      <line num="98" type="stmt" count="1"/>
      <line num="99" type="stmt" count="1"/>
      <line num="100" type="stmt" count="1"/>
      <line num="101" type="stmt" count="1"/>
      <line num="102" type="stmt" count="1"/>
      <line num="104" type="stmt" count="0"/>
      <line num="113" type="method" name="getUserByAccess_token" visibility="public" complexity="2" crap="2.00" count="1"/>
      <line num="114" type="stmt" count="1"/>
      <line num="115" type="stmt" count="1"/>
      <line num="116" type="stmt" count="1"/>
      <line num="117" type="stmt" count="1"/>
      <line num="118" type="stmt" count="1"/>
      <line num="119" type="stmt" count="1"/>
      <line num="120" type="stmt" count="1"/>
      <line num="121" type="stmt" count="1"/>
      <line num="122" type="stmt" count="1"/>
      <line num="123" type="stmt" count="1"/>
      <line num="125" type="stmt" count="0"/>
      <line num="129" type="method" name="check" visibility="public" complexity="7" crap="56" count="0"/>
      <line num="130" type="stmt" count="0"/>
      <line num="131" type="stmt" count="0"/>
      <line num="132" type="stmt" count="0"/>
      <line num="134" type="stmt" count="0"/>
      <line num="135" type="stmt" count="0"/>
      <line num="137" type="stmt" count="0"/>
      <line num="138" type="stmt" count="0"/>
      <line num="140" type="stmt" count="0"/>
      <line num="141" type="stmt" count="0"/>
      <line num="145" type="stmt" count="0"/>
      <line num="146" type="stmt" count="0"/>
      <line num="147" type="stmt" count="0"/>
      <line num="149" type="stmt" count="0"/>
      <line num="150" type="stmt" count="0"/>
      <line num="151" type="stmt" count="0"/>
      <line num="154" type="stmt" count="0"/>
      <line num="157" type="method" name="addUser" visibility="public" complexity="2" crap="6" count="0"/>
      <line num="158" type="stmt" count="0"/>
      <line num="159" type="stmt" count="0"/>
      <line num="160" type="stmt" count="0"/>
      <line num="161" type="stmt" count="0"/>
      <line num="162" type="stmt" count="0"/>
      <line num="163" type="stmt" count="0"/>
      <line num="164" type="stmt" count="0"/>
      <line num="166" type="stmt" count="0"/>
      <line num="167" type="stmt" count="0"/>
      <line num="169" type="stmt" count="0"/>
      <line num="172" type="method" name="updateUser" visibility="public" complexity="2" crap="6" count="0"/>
      <line num="173" type="stmt" count="0"/>
      <line num="174" type="stmt" count="0"/>
      <line num="175" type="stmt" count="0"/>
      <line num="176" type="stmt" count="0"/>
      <line num="177" type="stmt" count="0"/>
      <line num="178" type="stmt" count="0"/>
      <line num="179" type="stmt" count="0"/>
      <line num="181" type="stmt" count="0"/>
      <line num="184" type="method" name="deleteUser" visibility="public" complexity="1" crap="2" count="0"/>
      <line num="185" type="stmt" count="0"/>
      <metrics loc="190" ncloc="155" classes="1" methods="10" coveredmethods="1" conditionals="0" coveredconditionals="0" statements="86" coveredstatements="41" elements="96" coveredelements="42"/>
    </file>
    <file name="/var/www/html/uklogin/views/appregist.php">
      <class name="AppregistView" namespace="global">
        <metrics complexity="17" methods="6" coveredmethods="2" conditionals="0" coveredconditionals="0" statements="60" coveredstatements="46" elements="66" coveredelements="48"/>
      </class>
      <line num="2" type="stmt" count="0"/>
      <line num="9" type="method" name="form" visibility="public" complexity="9" crap="9" count="2"/>
      <line num="10" type="stmt" count="2"/>
      <line num="13" type="stmt" count="2"/>
      <line num="15" type="stmt" count="2"/>
      <line num="19" type="stmt" count="1"/>
      <line num="22" type="stmt" count="1"/>
      <line num="27" type="stmt" count="2"/>
      <line num="29" type="stmt" count="2"/>
      <line num="31" type="stmt" count="1"/>
      <line num="33" type="stmt" count="1"/>
      <line num="34" type="stmt" count="1"/>
      <line num="35" type="stmt" count="1"/>
      <line num="38" type="stmt" count="0"/>
      <line num="41" type="stmt" count="1"/>
      <line num="52" type="stmt" count="1"/>
      <line num="61" type="stmt" count="2"/>
      <line num="107" type="stmt" count="2"/>
      <line num="114" type="stmt" count="1"/>
      <line num="124" type="stmt" count="1"/>
      <line num="127" type="stmt" count="1"/>
      <line num="132" type="stmt" count="2"/>
      <line num="143" type="stmt" count="1"/>
      <line num="150" type="stmt" count="2"/>
      <line num="154" type="stmt" count="2"/>
      <line num="157" type="stmt" count="2"/>
      <line num="164" type="method" name="successMsg" visibility="public" complexity="1" crap="1" count="1"/>
      <line num="165" type="stmt" count="1"/>
      <line num="167" type="stmt" count="1"/>
      <line num="169" type="stmt" count="1"/>
      <line num="176" type="stmt" count="1"/>
      <line num="179" type="stmt" count="1"/>
      <line num="185" type="method" name="errorMsg" visibility="public" complexity="1" crap="2" count="0"/>
      <line num="186" type="stmt" count="0"/>
      <line num="187" type="stmt" count="0"/>
      <line num="189" type="stmt" count="0"/>
      <line num="191" type="stmt" count="0"/>
      <line num="196" type="stmt" count="0"/>
      <line num="199" type="stmt" count="0"/>
      <line num="205" type="method" name="notFoundMsg" visibility="public" complexity="1" crap="2" count="0"/>
      <line num="206" type="stmt" count="0"/>
      <line num="207" type="stmt" count="0"/>
      <line num="209" type="stmt" count="0"/>
      <line num="211" type="stmt" count="0"/>
      <line num="215" type="stmt" count="0"/>
      <line num="218" type="stmt" count="0"/>
      <line num="225" type="method" name="removedMsg" visibility="public" complexity="1" crap="1" count="1"/>
      <line num="226" type="stmt" count="1"/>
      <line num="227" type="stmt" count="1"/>
      <line num="229" type="stmt" count="1"/>
      <line num="231" type="stmt" count="1"/>
      <line num="236" type="stmt" count="1"/>
      <line num="239" type="stmt" count="1"/>
      <line num="242" type="method" name="adminLoginForm" visibility="public" complexity="4" crap="4.01" count="4"/>
      <line num="243" type="stmt" count="4"/>
      <line num="246" type="stmt" count="4"/>
      <line num="248" type="stmt" count="4"/>
      <line num="251" type="stmt" count="3"/>
      <line num="253" type="stmt" count="3"/>
      <line num="254" type="stmt" count="3"/>
      <line num="255" type="stmt" count="3"/>
      <line num="258" type="stmt" count="0"/>
      <line num="261" type="stmt" count="3"/>
      <line num="263" type="stmt" count="4"/>
      <line num="291" type="stmt" count="4"/>
      <line num="295" type="stmt" count="4"/>
      <line num="298" type="stmt" count="4"/>
      <metrics loc="300" ncloc="276" classes="1" methods="6" coveredmethods="2" conditionals="0" coveredconditionals="0" statements="61" coveredstatements="46" elements="67" coveredelements="48"/>
    </file>
    <file name="/var/www/html/uklogin/views/common.php">
      <class name="CommonView" namespace="global">
        <metrics complexity="3" methods="2" coveredmethods="2" conditionals="0" coveredconditionals="0" statements="6" coveredstatements="6" elements="8" coveredelements="8"/>
      </class>
      <line num="8" type="method" name="echoNavbar" visibility="public" complexity="2" crap="2" count="8"/>
      <line num="9" type="stmt" count="8"/>
      <line num="10" type="stmt" count="8"/>
      <line num="13" type="stmt" count="8"/>
      <line num="45" type="stmt" count="8"/>
      <line num="47" type="method" name="echoFooter" complexity="1" crap="1" count="8"/>
      <line num="49" type="stmt" count="8"/>
      <line num="82" type="stmt" count="8"/>
      <metrics loc="83" ncloc="76" classes="1" methods="2" coveredmethods="2" conditionals="0" coveredconditionals="0" statements="6" coveredstatements="6" elements="8" coveredelements="8"/>
    </file>
    <file name="/var/www/html/uklogin/views/frontpage.php">
      <class name="FrontpageView" namespace="global">
        <metrics complexity="2" methods="1" coveredmethods="0" conditionals="0" coveredconditionals="0" statements="10" coveredstatements="0" elements="11" coveredelements="0"/>
      </class>
      <line num="2" type="stmt" count="0"/>
      <line num="9" type="method" name="display" visibility="public" complexity="2" crap="6" count="0"/>
      <line num="10" type="stmt" count="0"/>
      <line num="11" type="stmt" count="0"/>
      <line num="12" type="stmt" count="0"/>
      <line num="13" type="stmt" count="0"/>
      <line num="14" type="stmt" count="0"/>
      <line num="16" type="stmt" count="0"/>
      <line num="20" type="stmt" count="0"/>
      <line num="89" type="stmt" count="0"/>
      <line num="94" type="stmt" count="0"/>
      <line num="97" type="stmt" count="0"/>
      <metrics loc="99" ncloc="93" classes="1" methods="1" coveredmethods="0" conditionals="0" coveredconditionals="0" statements="11" coveredstatements="0" elements="12" coveredelements="0"/>
    </file>
    <file name="/var/www/html/uklogin/views/oauth2.php">
      <class name="Oauth2View" namespace="global">
        <metrics complexity="18" methods="5" coveredmethods="3" conditionals="0" coveredconditionals="0" statements="40" coveredstatements="30" elements="45" coveredelements="33"/>
      </class>
      <line num="2" type="stmt" count="0"/>
      <line num="10" type="method" name="successMsg" visibility="public" complexity="2" crap="6" count="0"/>
      <line num="11" type="stmt" count="0"/>
      <line num="13" type="stmt" count="0"/>
      <line num="17" type="stmt" count="0"/>
      <line num="18" type="stmt" count="0"/>
      <line num="21" type="stmt" count="0"/>
      <line num="26" type="stmt" count="0"/>
      <line num="33" type="method" name="errorMsg" visibility="public" complexity="3" crap="3" count="5"/>
      <line num="34" type="stmt" count="5"/>
      <line num="36" type="stmt" count="5"/>
      <line num="40" type="stmt" count="5"/>
      <line num="41" type="stmt" count="5"/>
      <line num="44" type="stmt" count="5"/>
      <line num="49" type="stmt" count="5"/>
      <line num="52" type="stmt" count="5"/>
      <line num="59" type="method" name="registForm1" visibility="public" complexity="1" crap="1" count="2"/>
      <line num="60" type="stmt" count="2"/>
      <line num="62" type="stmt" count="2"/>
      <line num="70" type="stmt" count="2"/>
      <line num="94" type="stmt" count="2"/>
      <line num="101" type="method" name="registForm2" visibility="public" complexity="9" crap="14.18" count="1"/>
      <line num="102" type="stmt" count="1"/>
      <line num="104" type="stmt" count="1"/>
      <line num="109" type="stmt" count="0"/>
      <line num="111" type="stmt" count="0"/>
      <line num="112" type="stmt" count="0"/>
      <line num="115" type="stmt" count="0"/>
      <line num="117" type="stmt" count="1"/>
      <line num="126" type="stmt" count="1"/>
      <line num="158" type="stmt" count="1"/>
      <line num="169" type="stmt" count="1"/>
      <line num="171" type="method" name="loginform" visibility="public" complexity="3" crap="3" count="4"/>
      <line num="172" type="stmt" count="4"/>
      <line num="174" type="stmt" count="4"/>
      <line num="178" type="stmt" count="3"/>
      <line num="180" type="stmt" count="3"/>
      <line num="181" type="stmt" count="3"/>
      <line num="184" type="stmt" count="3"/>
      <line num="186" type="stmt" count="4"/>
      <line num="208" type="stmt" count="4"/>
      <line num="211" type="stmt" count="4"/>
      <line num="214" type="stmt" count="4"/>
      <line num="217" type="stmt" count="4"/>
      <line num="220" type="stmt" count="4"/>
      <line num="227" type="stmt" count="4"/>
      <metrics loc="228" ncloc="208" classes="1" methods="5" coveredmethods="3" conditionals="0" coveredconditionals="0" statements="41" coveredstatements="30" elements="46" coveredelements="33"/>
    </file>
    <file name="/var/www/html/uklogin/views/readme.php">
      <class name="ReadmeView" namespace="global">
        <metrics complexity="2" methods="1" coveredmethods="0" conditionals="0" coveredconditionals="0" statements="9" coveredstatements="0" elements="10" coveredelements="0"/>
      </class>
      <line num="2" type="stmt" count="0"/>
      <line num="9" type="method" name="display" visibility="public" complexity="2" crap="6" count="0"/>
      <line num="10" type="stmt" count="0"/>
      <line num="11" type="stmt" count="0"/>
      <line num="12" type="stmt" count="0"/>
      <line num="13" type="stmt" count="0"/>
      <line num="14" type="stmt" count="0"/>
      <line num="16" type="stmt" count="0"/>
      <line num="20" type="stmt" count="0"/>
      <line num="290" type="stmt" count="0"/>
      <line num="293" type="stmt" count="0"/>
      <metrics loc="297" ncloc="292" classes="1" methods="1" coveredmethods="0" conditionals="0" coveredconditionals="0" statements="10" coveredstatements="0" elements="11" coveredelements="0"/>
    </file>
    <metrics files="16" loc="2788" ncloc="2246" classes="16" methods="81" coveredmethods="23" conditionals="0" coveredconditionals="0" statements="1026" coveredstatements="626" elements="1107" coveredelements="649"/>
  </project>
</coverage>
