<?xml version="1.0" encoding="UTF-8"?>
<testsuites>
  <testsuite name="tests" tests="34" assertions="34" errors="0" failures="0" skipped="0" time="2.098305">
    <testsuite name="appregistControllerTest" file="/var/www/html/uklogin/tests/appregist_controller_Test.php" tests="11" assertions="11" errors="0" failures="0" skipped="0" time="0.570522">
      <testcase name="test_start" class="appregistControllerTest" classname="appregistControllerTest" file="/var/www/html/uklogin/tests/appregist_controller_Test.php" line="29" assertions="1" time="0.004296"/>
      <testcase name="test_save_domainEmpty" class="appregistControllerTest" classname="appregistControllerTest" file="/var/www/html/uklogin/tests/appregist_controller_Test.php" line="36" assertions="1" time="0.002776"/>
      <testcase name="test_save_ok" class="appregistControllerTest" classname="appregistControllerTest" file="/var/www/html/uklogin/tests/appregist_controller_Test.php" line="55" assertions="1" time="0.266575"/>
      <testcase name="test_adminlogin" class="appregistControllerTest" classname="appregistControllerTest" file="/var/www/html/uklogin/tests/appregist_controller_Test.php" line="74" assertions="1" time="0.000770"/>
      <testcase name="test_doadminlogin_OK" class="appregistControllerTest" classname="appregistControllerTest" file="/var/www/html/uklogin/tests/appregist_controller_Test.php" line="81" assertions="1" time="0.066130"/>
      <testcase name="test_doadminlogin_INVALID_PSW" class="appregistControllerTest" classname="appregistControllerTest" file="/var/www/html/uklogin/tests/appregist_controller_Test.php" line="97" assertions="1" time="0.039270"/>
      <testcase name="test_doadminlogin_INVALID_NICK" class="appregistControllerTest" classname="appregistControllerTest" file="/var/www/html/uklogin/tests/appregist_controller_Test.php" line="113" assertions="1" time="0.041739"/>
      <testcase name="test_doadminlogin_INVALID_CLINET_ID" class="appregistControllerTest" classname="appregistControllerTest" file="/var/www/html/uklogin/tests/appregist_controller_Test.php" line="129" assertions="1" time="0.039136"/>
      <testcase name="test_appremove_OK" class="appregistControllerTest" classname="appregistControllerTest" file="/var/www/html/uklogin/tests/appregist_controller_Test.php" line="145" assertions="1" time="0.104779"/>
      <testcase name="test_appremove_NOTFOUND" class="appregistControllerTest" classname="appregistControllerTest" file="/var/www/html/uklogin/tests/appregist_controller_Test.php" line="159" assertions="1" time="0.003598"/>
      <testcase name="test_end" class="appregistControllerTest" classname="appregistControllerTest" file="/var/www/html/uklogin/tests/appregist_controller_Test.php" line="168" assertions="1" time="0.001453"/>
    </testsuite>
    <testsuite name="appregistModelTest" file="/var/www/html/uklogin/tests/appregist_model_Test.php" tests="23" assertions="23" errors="0" failures="0" skipped="0" time="1.527783">
      <testcase name="test_start" class="appregistModelTest" classname="appregistModelTest" file="/var/www/html/uklogin/tests/appregist_model_Test.php" line="28" assertions="1" time="0.001461"/>
      <testcase name="test_check_domain_empty" class="appregistModelTest" classname="appregistModelTest" file="/var/www/html/uklogin/tests/appregist_model_Test.php" line="35" assertions="1" time="0.003437"/>
      <testcase name="test_check_domain_invalid" class="appregistModelTest" classname="appregistModelTest" file="/var/www/html/uklogin/tests/appregist_model_Test.php" line="50" assertions="1" time="0.002243"/>
      <testcase name="test_check_daomain_exists" class="appregistModelTest" classname="appregistModelTest" file="/var/www/html/uklogin/tests/appregist_model_Test.php" line="65" assertions="1" time="0.001960"/>
      <testcase name="test_check_name_empty" class="appregistModelTest" classname="appregistModelTest" file="/var/www/html/uklogin/tests/appregist_model_Test.php" line="80" assertions="1" time="0.002091"/>
      <testcase name="test_check_callback_empty" class="appregistModelTest" classname="appregistModelTest" file="/var/www/html/uklogin/tests/appregist_model_Test.php" line="95" assertions="1" time="0.001091"/>
      <testcase name="test_check_callback_invalid" class="appregistModelTest" classname="appregistModelTest" file="/var/www/html/uklogin/tests/appregist_model_Test.php" line="110" assertions="1" time="0.002210"/>
      <testcase name="test_check_callback_not_in_domain" class="appregistModelTest" classname="appregistModelTest" file="/var/www/html/uklogin/tests/appregist_model_Test.php" line="125" assertions="1" time="0.001070"/>
      <testcase name="test_check_css_invalid" class="appregistModelTest" classname="appregistModelTest" file="/var/www/html/uklogin/tests/appregist_model_Test.php" line="142" assertions="1" time="0.000989"/>
      <testcase name="test_check_admin_empty" class="appregistModelTest" classname="appregistModelTest" file="/var/www/html/uklogin/tests/appregist_model_Test.php" line="157" assertions="1" time="0.000998"/>
      <testcase name="test_check_psw_empty" class="appregistModelTest" classname="appregistModelTest" file="/var/www/html/uklogin/tests/appregist_model_Test.php" line="172" assertions="1" time="0.000974"/>
      <testcase name="test_check_psw_invalid" class="appregistModelTest" classname="appregistModelTest" file="/var/www/html/uklogin/tests/appregist_model_Test.php" line="187" assertions="1" time="0.000975"/>
      <testcase name="test_check_uklogin_html__not_exist" class="appregistModelTest" classname="appregistModelTest" file="/var/www/html/uklogin/tests/appregist_model_Test.php" line="202" assertions="1" time="0.102744"/>
      <testcase name="test_check_dataProcess_not_accept" class="appregistModelTest" classname="appregistModelTest" file="/var/www/html/uklogin/tests/appregist_model_Test.php" line="217" assertions="1" time="0.090648"/>
      <testcase name="test_check_cookieProcess_not_accept" class="appregistModelTest" classname="appregistModelTest" file="/var/www/html/uklogin/tests/appregist_model_Test.php" line="233" assertions="1" time="0.107235"/>
      <testcase name="test_check_ok" class="appregistModelTest" classname="appregistModelTest" file="/var/www/html/uklogin/tests/appregist_model_Test.php" line="249" assertions="1" time="0.101567"/>
      <testcase name="test_save_new_ok" class="appregistModelTest" classname="appregistModelTest" file="/var/www/html/uklogin/tests/appregist_model_Test.php" line="265" assertions="1" time="0.206690"/>
      <testcase name="test_save_insert_notok" class="appregistModelTest" classname="appregistModelTest" file="/var/www/html/uklogin/tests/appregist_model_Test.php" line="285" assertions="1" time="0.003273"/>
      <testcase name="test_save_update_ok" class="appregistModelTest" classname="appregistModelTest" file="/var/www/html/uklogin/tests/appregist_model_Test.php" line="303" assertions="1" time="0.850277"/>
      <testcase name="test_save_update_notok" class="appregistModelTest" classname="appregistModelTest" file="/var/www/html/uklogin/tests/appregist_model_Test.php" line="322" assertions="1" time="0.001861"/>
      <testcase name="test_remove_notfound" class="appregistModelTest" classname="appregistModelTest" file="/var/www/html/uklogin/tests/appregist_model_Test.php" line="340" assertions="1" time="0.002372"/>
      <testcase name="test_remove_ok" class="appregistModelTest" classname="appregistModelTest" file="/var/www/html/uklogin/tests/appregist_model_Test.php" line="348" assertions="1" time="0.039888"/>
      <testcase name="test_end" class="appregistModelTest" classname="appregistModelTest" file="/var/www/html/uklogin/tests/appregist_model_Test.php" line="356" assertions="1" time="0.001729"/>
    </testsuite>
  </testsuite>
</testsuites>
